\BOOKMARK [0][-]{chapter.1}{\376\377\000I\000n\000t\000r\000o\000d\000u\000c\000c\000i\000\363\000n}{}% 1
\BOOKMARK [1][-]{section.1.1}{\376\377\000M\000o\000t\000i\000v\000a\000c\000i\000\363\000n}{chapter.1}% 2
\BOOKMARK [1][-]{section.1.2}{\376\377\000E\000s\000t\000a\000d\000o\000\040\000a\000c\000t\000u\000a\000l\000\040\000d\000e\000\040\000l\000a\000s\000\040\000a\000l\000t\000e\000r\000n\000a\000t\000i\000v\000a\000s}{chapter.1}% 3
\BOOKMARK [2][-]{subsection.1.2.1}{\376\377\000C\000o\000n\000e\000c\000t\000i\000v\000i\000d\000a\000d}{section.1.2}% 4
\BOOKMARK [2][-]{subsection.1.2.2}{\376\377\000F\000o\000r\000m\000a\000t\000o\000s}{section.1.2}% 5
\BOOKMARK [2][-]{subsection.1.2.3}{\376\377\000P\000r\000e\000c\000i\000o\000s}{section.1.2}% 6
\BOOKMARK [2][-]{subsection.1.2.4}{\376\377\000O\000t\000r\000o\000s\000\040\000t\000e\000c\000l\000a\000d\000o\000s\000\040\000p\000e\000r\000s\000o\000n\000a\000l\000i\000z\000a\000d\000o\000s}{section.1.2}% 7
\BOOKMARK [0][-]{chapter.2}{\376\377\000E\000s\000p\000e\000c\000i\000f\000i\000c\000a\000c\000i\000\363\000n\000\040\000d\000e\000l\000\040\000S\000i\000s\000t\000e\000m\000a}{}% 8
\BOOKMARK [1][-]{section.2.1}{\376\377\000R\000e\000q\000u\000i\000s\000i\000t\000o\000s}{chapter.2}% 9
\BOOKMARK [2][-]{subsection.2.1.1}{\376\377\000R\000e\000q\000u\000i\000s\000i\000t\000o\000s\000\040\000f\000u\000n\000c\000i\000o\000n\000a\000l\000e\000s}{section.2.1}% 10
\BOOKMARK [2][-]{subsection.2.1.2}{\376\377\000R\000e\000q\000u\000i\000s\000i\000t\000o\000s\000\040\000n\000o\000\040\000f\000u\000n\000c\000i\000o\000n\000a\000l\000e\000s}{section.2.1}% 11
\BOOKMARK [1][-]{section.2.2}{\376\377\000E\000s\000p\000e\000c\000i\000f\000i\000c\000a\000c\000i\000o\000n\000e\000s}{chapter.2}% 12
\BOOKMARK [2][-]{subsection.2.2.1}{\376\377\000E\000s\000p\000e\000c\000i\000f\000i\000c\000a\000c\000i\000\363\000n\000\040\000H\000a\000r\000d\000w\000a\000r\000e}{section.2.2}% 13
\BOOKMARK [2][-]{subsection.2.2.2}{\376\377\000E\000s\000p\000e\000c\000i\000f\000i\000c\000a\000c\000i\000\363\000n\000\040\000S\000o\000f\000t\000w\000a\000r\000e}{section.2.2}% 14
\BOOKMARK [1][-]{section.2.3}{\376\377\000P\000l\000a\000n\000i\000f\000i\000c\000a\000c\000i\000\363\000n}{chapter.2}% 15
\BOOKMARK [0][-]{chapter.3}{\376\377\000D\000i\000s\000e\000\361\000o\000\040\000Y\000\040\000P\000r\000o\000t\000o\000t\000i\000p\000a\000d\000o}{}% 16
\BOOKMARK [1][-]{section.3.1}{\376\377\000T\000e\000c\000l\000a\000d\000o\000s\000,\000\040\000e\000n\000t\000e\000n\000d\000i\000e\000n\000d\000o\000\040\000s\000u\000s\000\040\000p\000a\000r\000t\000e\000s}{chapter.3}% 17
\BOOKMARK [1][-]{section.3.2}{\376\377\000I\000n\000v\000e\000s\000t\000i\000g\000a\000c\000i\000\363\000n\000:\000\040\000H\000e\000r\000r\000a\000m\000i\000e\000n\000t\000a\000s\000\040\000y\000\040\000T\000e\000c\000n\000o\000l\000o\000g\000\355\000a\000s}{chapter.3}% 18
\BOOKMARK [1][-]{section.3.3}{\376\377\000A\000l\000t\000e\000r\000n\000a\000t\000i\000v\000a\000s\000\040\000d\000e\000\040\000d\000i\000s\000e\000\361\000o}{chapter.3}% 19
\BOOKMARK [2][-]{subsection.3.3.1}{\376\377\000E\000l\000e\000c\000c\000i\000\363\000n\000\040\000d\000e\000\040\000l\000a\000s\000\040\000h\000e\000r\000r\000a\000m\000i\000e\000n\000t\000a\000s}{section.3.3}% 20
\BOOKMARK [1][-]{section.3.4}{\376\377\000E\000l\000e\000c\000c\000i\000\363\000n\000\040\000d\000e\000\040\000H\000a\000r\000d\000w\000a\000r\000e}{chapter.3}% 21
\BOOKMARK [2][-]{subsection.3.4.1}{\376\377\000L\000a\000y\000o\000u\000t}{section.3.4}% 22
\BOOKMARK [2][-]{subsection.3.4.2}{\376\377\000C\000o\000m\000p\000o\000n\000e\000n\000t\000e\000s\000\040\000E\000l\000e\000c\000t\000r\000\363\000n\000i\000c\000o\000s}{section.3.4}% 23
\BOOKMARK [2][-]{subsection.3.4.3}{\376\377\000M\000a\000t\000e\000r\000i\000a\000l\000e\000s}{section.3.4}% 24
\BOOKMARK [2][-]{subsection.3.4.4}{\376\377\000P\000a\000r\000t\000e\000s\000\040\000d\000e\000l\000\040\000t\000e\000c\000l\000a\000d\000o}{section.3.4}% 25
\BOOKMARK [1][-]{section.3.5}{\376\377\000E\000l\000e\000c\000c\000i\000\363\000n\000\040\000d\000e\000\040\000S\000o\000f\000t\000w\000a\000r\000e}{chapter.3}% 26
\BOOKMARK [2][-]{subsection.3.5.1}{\376\377\000E\000n\000t\000o\000r\000n\000o\000\040\000d\000e\000\040\000d\000e\000s\000a\000r\000r\000o\000l\000l\000o}{section.3.5}% 27
\BOOKMARK [2][-]{subsection.3.5.2}{\376\377\000L\000i\000b\000r\000e\000r\000\355\000a\000s}{section.3.5}% 28
\BOOKMARK [1][-]{section.3.6}{\376\377\000P\000r\000e\000s\000u\000p\000u\000e\000s\000t\000o}{chapter.3}% 29
\BOOKMARK [0][-]{chapter.4}{\376\377\000C\000i\000r\000c\000u\000i\000t\000o\000s}{}% 30
\BOOKMARK [1][-]{section.4.1}{\376\377\000B\000\372\000s\000q\000u\000e\000d\000a\000\040\000d\000e\000\040\000c\000o\000m\000p\000o\000n\000e\000n\000t\000e\000s}{chapter.4}% 31
\BOOKMARK [2][-]{subsection.4.1.1}{\376\377\000C\000r\000e\000a\000c\000i\000\363\000n\000\040\000d\000e\000\040\000c\000o\000m\000p\000o\000n\000e\000n\000t\000e\000s}{section.4.1}% 32
\BOOKMARK [1][-]{section.4.2}{\376\377\000D\000i\000s\000e\000\361\000o\000\040\000E\000s\000q\000u\000e\000m\000\341\000t\000i\000c\000o}{chapter.4}% 33
\BOOKMARK [0][-]{chapter.5}{\376\377\000P\000C\000B}{}% 34
\BOOKMARK [1][-]{section.5.1}{\376\377\000D\000i\000s\000e\000\361\000o\000\040\000f\000\355\000s\000i\000c\000o}{chapter.5}% 35
\BOOKMARK [2][-]{subsection.5.1.1}{\376\377\000D\000i\000s\000e\000\361\000o\000\040\000d\000e\000\040\000l\000a\000\040\000d\000i\000s\000t\000r\000i\000b\000u\000c\000i\000\363\000n}{section.5.1}% 36
\BOOKMARK [2][-]{subsection.5.1.2}{\376\377\000M\000e\000d\000i\000d\000a\000s\000\040\000F\000\355\000s\000i\000c\000a\000s}{section.5.1}% 37
\BOOKMARK [2][-]{subsection.5.1.3}{\376\377\000C\000r\000e\000a\000c\000i\000\363\000n\000\040\000d\000e\000\040\000l\000a\000\040\000p\000l\000a\000c\000a\000\040\000e\000n\000\040\000E\000a\000g\000l\000e}{section.5.1}% 38
\BOOKMARK [0][-]{chapter.6}{\376\377\000C\000a\000r\000c\000a\000s\000a}{}% 39
\BOOKMARK [1][-]{section.6.1}{\376\377\000D\000i\000s\000e\000\361\000o\000\040\000f\000\355\000s\000i\000c\000o}{chapter.6}% 40
\BOOKMARK [2][-]{subsection.6.1.1}{\376\377\000M\000e\000d\000i\000d\000a\000s\000\040\000F\000\355\000s\000i\000c\000a\000s}{section.6.1}% 41
\BOOKMARK [2][-]{subsection.6.1.2}{\376\377\000E\000r\000g\000o\000n\000o\000m\000\355\000a}{section.6.1}% 42
\BOOKMARK [1][-]{section.6.2}{\376\377\000F\000a\000b\000r\000i\000c\000a\000c\000i\000\363\000n}{chapter.6}% 43
\BOOKMARK [0][-]{chapter.7}{\376\377\000P\000r\000o\000g\000r\000a\000m\000a\000c\000i\000\363\000n}{}% 44
\BOOKMARK [1][-]{section.7.1}{\376\377\000P\000l\000a\000t\000a\000f\000o\000r\000m\000a}{chapter.7}% 45
\BOOKMARK [2][-]{subsection.7.1.1}{\376\377\000L\000i\000b\000r\000e\000r\000\355\000a\000s}{section.7.1}% 46
\BOOKMARK [2][-]{subsection.7.1.2}{\376\377\000C\000o\000m\000p\000i\000l\000a\000c\000i\000\363\000n\000\040\000y\000\040\000e\000n\000t\000o\000r\000n\000o}{section.7.1}% 47
\BOOKMARK [1][-]{section.7.2}{\376\377\000I\000n\000t\000e\000r\000f\000a\000z}{chapter.7}% 48
\BOOKMARK [2][-]{subsection.7.2.1}{\376\377\000M\000e\000n\000\372}{section.7.2}% 49
\BOOKMARK [1][-]{section.7.3}{\376\377\000F\000u\000n\000c\000i\000o\000n\000a\000l\000i\000d\000a\000d}{chapter.7}% 50
\BOOKMARK [2][-]{subsection.7.3.1}{\376\377\000C\000o\000n\000e\000c\000t\000i\000v\000i\000d\000a\000d}{section.7.3}% 51
\BOOKMARK [2][-]{subsection.7.3.2}{\376\377\000L\000e\000d\000s}{section.7.3}% 52
\BOOKMARK [2][-]{subsection.7.3.3}{\376\377\000M\000a\000c\000r\000o\000s}{section.7.3}% 53
\BOOKMARK [2][-]{subsection.7.3.4}{\376\377\000B\000a\000t\000e\000r\000\355\000a}{section.7.3}% 54
\BOOKMARK [1][-]{section.7.4}{\376\377\000B\000o\000o\000t}{chapter.7}% 55
\BOOKMARK [0][-]{chapter.8}{\376\377\000P\000r\000o\000t\000o\000t\000i\000p\000o\000s}{}% 56
\BOOKMARK [1][-]{section.8.1}{\376\377\000V\000e\000r\000s\000i\000o\000n\000e\000s}{chapter.8}% 57
\BOOKMARK [2][-]{subsection.8.1.1}{\376\377\000V\0001\000:\000\040\000C\000o\000r\000r\000e\000c\000c\000i\000o\000n\000e\000s}{section.8.1}% 58
\BOOKMARK [2][-]{subsection.8.1.2}{\376\377\000V\0002\000:\000\040\000C\000o\000r\000r\000e\000c\000c\000i\000o\000n\000e\000s}{section.8.1}% 59
\BOOKMARK [2][-]{subsection.8.1.3}{\376\377\000V\0003\000:\000\040\000M\000o\000d\000i\000f\000i\000c\000a\000c\000i\000o\000n\000e\000s}{section.8.1}% 60
\BOOKMARK [1][-]{section.8.2}{\376\377\000M\000o\000n\000t\000a\000j\000e}{chapter.8}% 61
\BOOKMARK [0][-]{chapter.9}{\376\377\000V\000a\000l\000i\000d\000a\000c\000i\000\363\000n}{}% 62
\BOOKMARK [1][-]{section.9.1}{\376\377\000P\000r\000u\000e\000b\000a\000s\000\040\000E\000l\000\351\000c\000t\000r\000i\000c\000a\000s}{chapter.9}% 63
\BOOKMARK [1][-]{section.9.2}{\376\377\000P\000r\000u\000e\000b\000a\000s\000\040\000e\000n\000\040\000W\000i\000n\000d\000o\000w\000s}{chapter.9}% 64
\BOOKMARK [1][-]{section.9.3}{\376\377\000P\000r\000u\000e\000b\000a\000s\000\040\000e\000n\000\040\000L\000i\000n\000u\000x}{chapter.9}% 65
\BOOKMARK [0][-]{chapter.10}{\376\377\000M\000e\000j\000o\000r\000a\000s}{}% 66
\BOOKMARK [1][-]{section.10.1}{\376\377\000P\000o\000s\000i\000b\000l\000e\000s\000\040\000m\000e\000j\000o\000r\000a\000s}{chapter.10}% 67
\BOOKMARK [2][-]{subsection.10.1.1}{\376\377\000S\000o\000f\000t\000w\000a\000r\000e}{section.10.1}% 68
\BOOKMARK [2][-]{subsection.10.1.2}{\376\377\000H\000a\000r\000d\000w\000a\000r\000e}{section.10.1}% 69
\BOOKMARK [2][-]{subsection.10.1.3}{\376\377\000M\000a\000t\000e\000r\000i\000a\000l\000e\000s}{section.10.1}% 70
\BOOKMARK [1][-]{section.10.2}{\376\377\000C\000o\000n\000s\000i\000d\000e\000r\000a\000c\000i\000o\000n\000e\000s\000\040\000P\000e\000r\000s\000o\000n\000a\000l\000e\000s}{chapter.10}% 71
\BOOKMARK [0][-]{chapter.11}{\376\377\000C\000o\000n\000c\000l\000u\000s\000i\000o\000n\000e\000s}{}% 72
\BOOKMARK [1][-]{section.11.1}{\376\377\000T\000r\000a\000b\000a\000j\000o\000\040\000f\000u\000t\000u\000r\000o}{chapter.11}% 73
\BOOKMARK [0][-]{chapter.12}{\376\377\000V\000i\000a\000b\000i\000l\000i\000d\000a\000d\000\040\000C\000o\000m\000e\000r\000c\000i\000a\000l}{}% 74
\BOOKMARK [1][-]{section.12.1}{\376\377\000A\000n\000a\000l\000i\000s\000i\000s\000\040\000d\000e\000l\000\040\000p\000r\000o\000y\000e\000c\000t\000o}{chapter.12}% 75
\BOOKMARK [1][-]{section.12.2}{\376\377\000E\000s\000t\000u\000d\000i\000o\000s\000\040\000d\000e\000\040\000m\000e\000r\000c\000a\000d\000o}{chapter.12}% 76
\BOOKMARK [2][-]{subsection.12.2.1}{\376\377\000C\000a\000r\000a\000c\000t\000e\000r\000\355\000s\000t\000i\000c\000a\000s\000\040\000d\000e\000l\000\040\000m\000e\000r\000c\000a\000d\000o}{section.12.2}% 77
\BOOKMARK [2][-]{subsection.12.2.2}{\376\377\000A\000n\000a\000l\000i\000s\000i\000s\000\040\000F\000O\000D\000A}{section.12.2}% 78
\BOOKMARK [1][-]{section.12.3}{\376\377\000C\000o\000s\000t\000o\000s\000,\000\040\000l\000e\000g\000a\000l\000,\000\040\000m\000a\000r\000k\000e\000t\000i\000n\000g}{chapter.12}% 79
\BOOKMARK [2][-]{subsection.12.3.1}{\376\377\000C\000o\000s\000t\000o\000s}{section.12.3}% 80
\BOOKMARK [2][-]{subsection.12.3.2}{\376\377\000A\000s\000p\000e\000c\000t\000o\000s\000\040\000l\000e\000g\000a\000l\000e\000s}{section.12.3}% 81
\BOOKMARK [2][-]{subsection.12.3.3}{\376\377\000M\000a\000r\000k\000e\000t\000i\000n\000g}{section.12.3}% 82
\BOOKMARK [0][-]{chapter.13}{\376\377\000A\000p\000\351\000n\000d\000i\000c\000e}{}% 83
\BOOKMARK [1][-]{section.13.1}{\376\377\000C\000i\000r\000c\000u\000i\000t\000o\000s}{chapter.13}% 84
\BOOKMARK [1][-]{section.13.2}{\376\377\000P\000C\000B}{chapter.13}% 85
\BOOKMARK [1][-]{section.13.3}{\376\377\000C\000a\000r\000c\000a\000s\000a}{chapter.13}% 86
\BOOKMARK [1][-]{section.13.4}{\376\377\000P\000r\000o\000g\000r\000a\000m\000a\000c\000i\000\363\000n}{chapter.13}% 87
\BOOKMARK [1][-]{section.13.5}{\376\377\000P\000r\000u\000e\000b\000a\000s}{chapter.13}% 88
\BOOKMARK [1][-]{section.13.6}{\376\377\000E\000n\000s\000a\000m\000b\000l\000a\000j\000e}{chapter.13}% 89
\BOOKMARK [1][-]{section.13.7}{\376\377\000D\000o\000c\000u\000m\000e\000n\000t\000a\000c\000i\000\363\000n}{chapter.13}% 90
\BOOKMARK [0][-]{appendix*.125}{\376\377\000G\000l\000o\000s\000a\000r\000i\000o}{}% 91
\BOOKMARK [0][-]{appendix*.126}{\376\377\000I\000n\000d\000i\000c\000e\000\040\000d\000e\000\040\000f\000i\000g\000u\000r\000a\000s}{}% 92
\BOOKMARK [0][-]{appendix*.127}{\376\377\000B\000i\000b\000l\000i\000o\000g\000r\000a\000f\000\355\000a}{}% 93
