This is pdfTeX, Version 3.141592653-2.6-1.40.25 (MiKTeX 24.1) (preloaded format=pdflatex 2024.4.20)  12 JUN 2024 19:47
entering extended mode
 restricted \write18 enabled.
 file:line:error style messages enabled.
 %&-line parsing enabled.
**b:/Cosas/UGR/4/4.2/TFG/TFG/TFG.tex
(b:/Cosas/UGR/4/4.2/TFG/TFG/TFG.tex
LaTeX2e <2023-11-01> patch level 1
L3 programming layer <2024-01-04>
(B:\Programas\MiKTeX\tex/latex/base\book.cls
Document Class: book 2023/05/17 v1.4n Standard LaTeX document class
(B:\Programas\MiKTeX\tex/latex/base\bk11.clo
File: bk11.clo 2023/05/17 v1.4n Standard LaTeX file (size option)
)
\c@part=\count187
\c@chapter=\count188
\c@section=\count189
\c@subsection=\count190
\c@subsubsection=\count191
\c@paragraph=\count192
\c@subparagraph=\count193
\c@figure=\count194
\c@table=\count195
\abovecaptionskip=\skip48
\belowcaptionskip=\skip49
\bibindent=\dimen140
) (B:\Programas\MiKTeX\tex/latex/listings\listings.sty (B:\Programas\MiKTeX\tex/latex/graphics\keyval.sty
Package: keyval 2022/05/29 v1.15 key=value parser (DPC)
\KV@toks@=\toks17
)
\lst@mode=\count196
\lst@gtempboxa=\box51
\lst@token=\toks18
\lst@length=\count197
\lst@currlwidth=\dimen141
\lst@column=\count198
\lst@pos=\count199
\lst@lostspace=\dimen142
\lst@width=\dimen143
\lst@newlines=\count266
\lst@lineno=\count267
\lst@maxwidth=\dimen144
 (B:\Programas\MiKTeX\tex/latex/listings\lstmisc.sty
File: lstmisc.sty 2023/02/27 1.9 (Carsten Heinz)
\c@lstnumber=\count268
\lst@skipnumbers=\count269
\lst@framebox=\box52
) (B:\Programas\MiKTeX\tex/latex/listings\listings.cfg
File: listings.cfg 2023/02/27 1.9 listings configuration
))
Package: listings 2023/02/27 1.9 (Carsten Heinz)
 (B:\Programas\MiKTeX\tex/latex/fancyhdr\fancyhdr.sty
Package: fancyhdr 2022/11/09 v4.1 Extensive control of page headers and footers
\f@nch@headwidth=\skip50
\f@nch@O@elh=\skip51
\f@nch@O@erh=\skip52
\f@nch@O@olh=\skip53
\f@nch@O@orh=\skip54
\f@nch@O@elf=\skip55
\f@nch@O@erf=\skip56
\f@nch@O@olf=\skip57
\f@nch@O@orf=\skip58
) (B:\Programas\MiKTeX\tex/latex/base\inputenc.sty
Package: inputenc 2021/02/14 v1.3d Input encoding file
\inpenc@prehook=\toks19
\inpenc@posthook=\toks20
) (B:\Programas\MiKTeX\tex/generic/babel\babel.sty
Package: babel 2024/03/29 v24.3 The Babel package
\babel@savecnt=\count270
\U@D=\dimen145
\l@unhyphenated=\language79
 (B:\Programas\MiKTeX\tex/generic/babel\txtbabel.def)
\bbl@readstream=\read2
\bbl@dirlevel=\count271

*************************************
* Local config file bblopts.cfg used
*
(B:\Programas\MiKTeX\tex/latex/arabi\bblopts.cfg
File: bblopts.cfg 2005/09/08 v0.1 add Arabic and Farsi to "declared" options of babel
) (B:\Programas\MiKTeX\tex/latex/babel-spanish\spanish.ldf
Language: spanish.ldf 2021/05/27 v5.0q Spanish support from the babel system
\es@quottoks=\toks21
\es@quotdepth=\count272
Package babel Info: Making " an active character on input line 570.
Package babel Info: Making . an active character on input line 675.
Package babel Info: Making < an active character on input line 722.
Package babel Info: Making > an active character on input line 722.
)) (B:\Programas\MiKTeX\tex/generic/babel/locale/es\babel-spanish.tex
Package babel Info: Importing font and identification data for spanish
(babel)             from babel-es.ini. Reported on input line 11.
) (B:\Programas\MiKTeX\tex/latex/tools\dcolumn.sty
Package: dcolumn 2023/07/08 v1.06 decimal alignment package (DPC)
 (B:\Programas\MiKTeX\tex/latex/tools\array.sty
Package: array 2023/10/16 v2.5g Tabular extension package (FMi)
\col@sep=\dimen146
\ar@mcellbox=\box53
\extrarowheight=\dimen147
\NC@list=\toks22
\extratabsurround=\skip59
\backup@length=\skip60
\ar@cellbox=\box54
)) (B:\Programas\MiKTeX\tex/latex/tools\verbatim.sty
Package: verbatim 2023-11-06 v1.5v LaTeX2e package for verbatim enhancements
\every@verbatim=\toks23
\verbatim@line=\toks24
\verbatim@in@stream=\read3
) (B:\Programas\MiKTeX\tex/latex/graphics\graphicx.sty
Package: graphicx 2021/09/16 v1.2d Enhanced LaTeX Graphics (DPC,SPQR)
 (B:\Programas\MiKTeX\tex/latex/graphics\graphics.sty
Package: graphics 2022/03/10 v1.4e Standard LaTeX Graphics (DPC,SPQR)
 (B:\Programas\MiKTeX\tex/latex/graphics\trig.sty
Package: trig 2021/08/11 v1.11 sin cos tan (DPC)
) (B:\Programas\MiKTeX\tex/latex/graphics-cfg\graphics.cfg
File: graphics.cfg 2016/06/04 v1.11 sample graphics configuration
)
Package graphics Info: Driver file: pdftex.def on input line 107.
 (B:\Programas\MiKTeX\tex/latex/graphics-def\pdftex.def
File: pdftex.def 2022/09/22 v1.2b Graphics/color driver for pdftex
))
\Gin@req@height=\dimen148
\Gin@req@width=\dimen149
) (B:\Programas\MiKTeX\tex/latex/graphics\rotating.sty
Package: rotating 2016/08/11 v2.16d rotated objects in LaTeX
 (B:\Programas\MiKTeX\tex/latex/base\ifthen.sty
Package: ifthen 2022/04/13 v1.1d Standard LaTeX ifthen package (DPC)
)
\c@r@tfl@t=\count273
\rotFPtop=\skip61
\rotFPbot=\skip62
\rot@float@box=\box55
\rot@mess@toks=\toks25
) (B:\Programas\MiKTeX\tex/latex/tools\afterpage.sty
Package: afterpage 2023/07/04 v1.08 After-Page Package (DPC)
\AP@output=\toks26
\AP@partial=\box56
\AP@footins=\box57
) (B:\Programas\MiKTeX\tex/latex/eurosym\eurosym.sty
Package: eurosym 1998/08/06 v1.1 European currency symbol ``Euro''
\@eurobox=\box58
) (B:\Programas\MiKTeX\tex/latex/etoolbox\etoolbox.sty
Package: etoolbox 2020/10/05 v2.5k e-TeX tools for LaTeX (JAW)
\etb@tempcnta=\count274
) (B:\Programas\MiKTeX\tex/latex/textcase\textcase.sty
Package: textcase 2023/07/27 v1.04 Text only upper/lower case changing (DPC)
Package textcase Info: Defining Legacy names on input line 20.
) (B:\Programas\MiKTeX\tex/latex/tools\longtable.sty
Package: longtable 2023-11-01 v4.19 Multi-page Table package (DPC)
\LTleft=\skip63
\LTright=\skip64
\LTpre=\skip65
\LTpost=\skip66
\LTchunksize=\count275
\LTcapwidth=\dimen150
\LT@head=\box59
\LT@firsthead=\box60
\LT@foot=\box61
\LT@lastfoot=\box62
\LT@gbox=\box63
\LT@cols=\count276
\LT@rows=\count277
\c@LT@tables=\count278
\c@LT@chunks=\count279
\LT@p@ftn=\toks27
) (B:\Programas\MiKTeX\tex/latex/wrapfig\wrapfig.sty
\wrapoverhang=\dimen151
\WF@size=\dimen152
\c@WF@wrappedlines=\count280
\WF@box=\box64
\WF@everypar=\toks28
Package: wrapfig 2003/01/31  v 3.6
) (B:\Programas\MiKTeX\tex/latex/float\float.sty
Package: float 2001/11/08 v1.3d Float enhancements (AL)
\c@float@type=\count281
\float@exts=\toks29
\float@box=\box65
\@float@everytoks=\toks30
\@floatcapt=\box66
) (B:\Programas\MiKTeX\tex/latex/tcolorbox\tcolorbox.sty
Package: tcolorbox 2024/01/10 version 6.2.0 text color boxes
 (B:\Programas\MiKTeX\tex/latex/pgf/basiclayer\pgf.sty (B:\Programas\MiKTeX\tex/latex/pgf/utilities\pgfrcs.sty (B:\Programas\MiKTeX\tex/generic/pgf/utilities\pgfutil-common.tex
\pgfutil@everybye=\toks31
\pgfutil@tempdima=\dimen153
\pgfutil@tempdimb=\dimen154
) (B:\Programas\MiKTeX\tex/generic/pgf/utilities\pgfutil-latex.def
\pgfutil@abb=\box67
) (B:\Programas\MiKTeX\tex/generic/pgf/utilities\pgfrcs.code.tex (B:\Programas\MiKTeX\tex/generic/pgf\pgf.revision.tex)
Package: pgfrcs 2023-01-15 v3.1.10 (3.1.10)
))
Package: pgf 2023-01-15 v3.1.10 (3.1.10)
 (B:\Programas\MiKTeX\tex/latex/pgf/basiclayer\pgfcore.sty (B:\Programas\MiKTeX\tex/latex/pgf/systemlayer\pgfsys.sty (B:\Programas\MiKTeX\tex/generic/pgf/systemlayer\pgfsys.code.tex
Package: pgfsys 2023-01-15 v3.1.10 (3.1.10)
 (B:\Programas\MiKTeX\tex/generic/pgf/utilities\pgfkeys.code.tex
\pgfkeys@pathtoks=\toks32
\pgfkeys@temptoks=\toks33
 (B:\Programas\MiKTeX\tex/generic/pgf/utilities\pgfkeyslibraryfiltered.code.tex
\pgfkeys@tmptoks=\toks34
))
\pgf@x=\dimen155
\pgf@y=\dimen156
\pgf@xa=\dimen157
\pgf@ya=\dimen158
\pgf@xb=\dimen159
\pgf@yb=\dimen160
\pgf@xc=\dimen161
\pgf@yc=\dimen162
\pgf@xd=\dimen163
\pgf@yd=\dimen164
\w@pgf@writea=\write3
\r@pgf@reada=\read4
\c@pgf@counta=\count282
\c@pgf@countb=\count283
\c@pgf@countc=\count284
\c@pgf@countd=\count285
\t@pgf@toka=\toks35
\t@pgf@tokb=\toks36
\t@pgf@tokc=\toks37
\pgf@sys@id@count=\count286
 (B:\Programas\MiKTeX\tex/generic/pgf/systemlayer\pgf.cfg
File: pgf.cfg 2023-01-15 v3.1.10 (3.1.10)
)
Driver file for pgf: pgfsys-pdftex.def
 (B:\Programas\MiKTeX\tex/generic/pgf/systemlayer\pgfsys-pdftex.def
File: pgfsys-pdftex.def 2023-01-15 v3.1.10 (3.1.10)
 (B:\Programas\MiKTeX\tex/generic/pgf/systemlayer\pgfsys-common-pdf.def
File: pgfsys-common-pdf.def 2023-01-15 v3.1.10 (3.1.10)
))) (B:\Programas\MiKTeX\tex/generic/pgf/systemlayer\pgfsyssoftpath.code.tex
File: pgfsyssoftpath.code.tex 2023-01-15 v3.1.10 (3.1.10)
\pgfsyssoftpath@smallbuffer@items=\count287
\pgfsyssoftpath@bigbuffer@items=\count288
) (B:\Programas\MiKTeX\tex/generic/pgf/systemlayer\pgfsysprotocol.code.tex
File: pgfsysprotocol.code.tex 2023-01-15 v3.1.10 (3.1.10)
)) (B:\Programas\MiKTeX\tex/latex/xcolor\xcolor.sty
Package: xcolor 2023/11/15 v3.01 LaTeX color extensions (UK)
 (B:\Programas\MiKTeX\tex/latex/graphics-cfg\color.cfg
File: color.cfg 2016/01/02 v1.6 sample color configuration
)
Package xcolor Info: Driver file: pdftex.def on input line 274.
 (B:\Programas\MiKTeX\tex/latex/graphics\mathcolor.ltx)
Package xcolor Info: Model `cmy' substituted by `cmy0' on input line 1350.
Package xcolor Info: Model `hsb' substituted by `rgb' on input line 1354.
Package xcolor Info: Model `RGB' extended on input line 1366.
Package xcolor Info: Model `HTML' substituted by `rgb' on input line 1368.
Package xcolor Info: Model `Hsb' substituted by `hsb' on input line 1369.
Package xcolor Info: Model `tHsb' substituted by `hsb' on input line 1370.
Package xcolor Info: Model `HSB' substituted by `hsb' on input line 1371.
Package xcolor Info: Model `Gray' substituted by `gray' on input line 1372.
Package xcolor Info: Model `wave' substituted by `hsb' on input line 1373.
) (B:\Programas\MiKTeX\tex/generic/pgf/basiclayer\pgfcore.code.tex
Package: pgfcore 2023-01-15 v3.1.10 (3.1.10)
 (B:\Programas\MiKTeX\tex/generic/pgf/math\pgfmath.code.tex (B:\Programas\MiKTeX\tex/generic/pgf/math\pgfmathutil.code.tex) (B:\Programas\MiKTeX\tex/generic/pgf/math\pgfmathparser.code.tex
\pgfmath@dimen=\dimen165
\pgfmath@count=\count289
\pgfmath@box=\box68
\pgfmath@toks=\toks38
\pgfmath@stack@operand=\toks39
\pgfmath@stack@operation=\toks40
) (B:\Programas\MiKTeX\tex/generic/pgf/math\pgfmathfunctions.code.tex) (B:\Programas\MiKTeX\tex/generic/pgf/math\pgfmathfunctions.basic.code.tex) (B:\Programas\MiKTeX\tex/generic/pgf/math\pgfmathfunctions.trigonometric.code.tex) (B:\Programas\MiKTeX\tex/generic/pgf/math\pgfmathfunctions.random.code.tex) (B:\Programas\MiKTeX\tex/generic/pgf/math\pgfmathfunctions.comparison.code.tex) (B:\Programas\MiKTeX\tex/generic/pgf/math\pgfmathfunctions.base.code.tex) (B:\Programas\MiKTeX\tex/generic/pgf/math\pgfmathfunctions.round.code.tex) (B:\Programas\MiKTeX\tex/generic/pgf/math\pgfmathfunctions.misc.code.tex) (B:\Programas\MiKTeX\tex/generic/pgf/math\pgfmathfunctions.integerarithmetics.code.tex) (B:\Programas\MiKTeX\tex/generic/pgf/math\pgfmathcalc.code.tex) (B:\Programas\MiKTeX\tex/generic/pgf/math\pgfmathfloat.code.tex
\c@pgfmathroundto@lastzeros=\count290
)) (B:\Programas\MiKTeX\tex/generic/pgf/math\pgfint.code.tex) (B:\Programas\MiKTeX\tex/generic/pgf/basiclayer\pgfcorepoints.code.tex
File: pgfcorepoints.code.tex 2023-01-15 v3.1.10 (3.1.10)
\pgf@picminx=\dimen166
\pgf@picmaxx=\dimen167
\pgf@picminy=\dimen168
\pgf@picmaxy=\dimen169
\pgf@pathminx=\dimen170
\pgf@pathmaxx=\dimen171
\pgf@pathminy=\dimen172
\pgf@pathmaxy=\dimen173
\pgf@xx=\dimen174
\pgf@xy=\dimen175
\pgf@yx=\dimen176
\pgf@yy=\dimen177
\pgf@zx=\dimen178
\pgf@zy=\dimen179
) (B:\Programas\MiKTeX\tex/generic/pgf/basiclayer\pgfcorepathconstruct.code.tex
File: pgfcorepathconstruct.code.tex 2023-01-15 v3.1.10 (3.1.10)
\pgf@path@lastx=\dimen180
\pgf@path@lasty=\dimen181
) (B:\Programas\MiKTeX\tex/generic/pgf/basiclayer\pgfcorepathusage.code.tex
File: pgfcorepathusage.code.tex 2023-01-15 v3.1.10 (3.1.10)
\pgf@shorten@end@additional=\dimen182
\pgf@shorten@start@additional=\dimen183
) (B:\Programas\MiKTeX\tex/generic/pgf/basiclayer\pgfcorescopes.code.tex
File: pgfcorescopes.code.tex 2023-01-15 v3.1.10 (3.1.10)
\pgfpic=\box69
\pgf@hbox=\box70
\pgf@layerbox@main=\box71
\pgf@picture@serial@count=\count291
) (B:\Programas\MiKTeX\tex/generic/pgf/basiclayer\pgfcoregraphicstate.code.tex
File: pgfcoregraphicstate.code.tex 2023-01-15 v3.1.10 (3.1.10)
\pgflinewidth=\dimen184
) (B:\Programas\MiKTeX\tex/generic/pgf/basiclayer\pgfcoretransformations.code.tex
File: pgfcoretransformations.code.tex 2023-01-15 v3.1.10 (3.1.10)
\pgf@pt@x=\dimen185
\pgf@pt@y=\dimen186
\pgf@pt@temp=\dimen187
) (B:\Programas\MiKTeX\tex/generic/pgf/basiclayer\pgfcorequick.code.tex
File: pgfcorequick.code.tex 2023-01-15 v3.1.10 (3.1.10)
) (B:\Programas\MiKTeX\tex/generic/pgf/basiclayer\pgfcoreobjects.code.tex
File: pgfcoreobjects.code.tex 2023-01-15 v3.1.10 (3.1.10)
) (B:\Programas\MiKTeX\tex/generic/pgf/basiclayer\pgfcorepathprocessing.code.tex
File: pgfcorepathprocessing.code.tex 2023-01-15 v3.1.10 (3.1.10)
) (B:\Programas\MiKTeX\tex/generic/pgf/basiclayer\pgfcorearrows.code.tex
File: pgfcorearrows.code.tex 2023-01-15 v3.1.10 (3.1.10)
\pgfarrowsep=\dimen188
) (B:\Programas\MiKTeX\tex/generic/pgf/basiclayer\pgfcoreshade.code.tex
File: pgfcoreshade.code.tex 2023-01-15 v3.1.10 (3.1.10)
\pgf@max=\dimen189
\pgf@sys@shading@range@num=\count292
\pgf@shadingcount=\count293
) (B:\Programas\MiKTeX\tex/generic/pgf/basiclayer\pgfcoreimage.code.tex
File: pgfcoreimage.code.tex 2023-01-15 v3.1.10 (3.1.10)
) (B:\Programas\MiKTeX\tex/generic/pgf/basiclayer\pgfcoreexternal.code.tex
File: pgfcoreexternal.code.tex 2023-01-15 v3.1.10 (3.1.10)
\pgfexternal@startupbox=\box72
) (B:\Programas\MiKTeX\tex/generic/pgf/basiclayer\pgfcorelayers.code.tex
File: pgfcorelayers.code.tex 2023-01-15 v3.1.10 (3.1.10)
) (B:\Programas\MiKTeX\tex/generic/pgf/basiclayer\pgfcoretransparency.code.tex
File: pgfcoretransparency.code.tex 2023-01-15 v3.1.10 (3.1.10)
) (B:\Programas\MiKTeX\tex/generic/pgf/basiclayer\pgfcorepatterns.code.tex
File: pgfcorepatterns.code.tex 2023-01-15 v3.1.10 (3.1.10)
) (B:\Programas\MiKTeX\tex/generic/pgf/basiclayer\pgfcorerdf.code.tex
File: pgfcorerdf.code.tex 2023-01-15 v3.1.10 (3.1.10)
))) (B:\Programas\MiKTeX\tex/generic/pgf/modules\pgfmoduleshapes.code.tex
File: pgfmoduleshapes.code.tex 2023-01-15 v3.1.10 (3.1.10)
\pgfnodeparttextbox=\box73
) (B:\Programas\MiKTeX\tex/generic/pgf/modules\pgfmoduleplot.code.tex
File: pgfmoduleplot.code.tex 2023-01-15 v3.1.10 (3.1.10)
) (B:\Programas\MiKTeX\tex/latex/pgf/compatibility\pgfcomp-version-0-65.sty
Package: pgfcomp-version-0-65 2023-01-15 v3.1.10 (3.1.10)
\pgf@nodesepstart=\dimen190
\pgf@nodesepend=\dimen191
) (B:\Programas\MiKTeX\tex/latex/pgf/compatibility\pgfcomp-version-1-18.sty
Package: pgfcomp-version-1-18 2023-01-15 v3.1.10 (3.1.10)
)) (B:\Programas\MiKTeX\tex/latex/environ\environ.sty
Package: environ 2014/05/04 v0.3 A new way to define environments
 (B:\Programas\MiKTeX\tex/latex/trimspaces\trimspaces.sty
Package: trimspaces 2009/09/17 v1.1 Trim spaces around a token list
)
\@envbody=\toks41
)
\tcb@titlebox=\box74
\tcb@upperbox=\box75
\tcb@lowerbox=\box76
\tcb@phantombox=\box77
\c@tcbbreakpart=\count294
\c@tcblayer=\count295
\c@tcolorbox@number=\count296
\l__tcobox_tmpa_box=\box78
\l__tcobox_tmpa_dim=\dimen192
\tcb@temp=\box79
\tcb@temp=\box80
\tcb@temp=\box81
\tcb@temp=\box82
) (B:\Programas\MiKTeX\tex/latex/hyperref\hyperref.sty
Package: hyperref 2023-11-26 v7.01g Hypertext links for LaTeX
 (B:\Programas\MiKTeX\tex/generic/iftex\iftex.sty
Package: iftex 2022/02/03 v1.0f TeX engine tests
) (B:\Programas\MiKTeX\tex/generic/infwarerr\infwarerr.sty
Package: infwarerr 2019/12/03 v1.5 Providing info/warning/error messages (HO)
) (B:\Programas\MiKTeX\tex/latex/kvsetkeys\kvsetkeys.sty
Package: kvsetkeys 2022-10-05 v1.19 Key value parser (HO)
) (B:\Programas\MiKTeX\tex/generic/kvdefinekeys\kvdefinekeys.sty
Package: kvdefinekeys 2019-12-19 v1.6 Define keys (HO)
) (B:\Programas\MiKTeX\tex/generic/pdfescape\pdfescape.sty
Package: pdfescape 2019/12/09 v1.15 Implements pdfTeX's escape features (HO)
 (B:\Programas\MiKTeX\tex/generic/ltxcmds\ltxcmds.sty
Package: ltxcmds 2023-12-04 v1.26 LaTeX kernel commands for general use (HO)
) (B:\Programas\MiKTeX\tex/generic/pdftexcmds\pdftexcmds.sty
Package: pdftexcmds 2020-06-27 v0.33 Utility functions of pdfTeX for LuaTeX (HO)
Package pdftexcmds Info: \pdf@primitive is available.
Package pdftexcmds Info: \pdf@ifprimitive is available.
Package pdftexcmds Info: \pdfdraftmode found.
)) (B:\Programas\MiKTeX\tex/latex/hycolor\hycolor.sty
Package: hycolor 2020-01-27 v1.10 Color options for hyperref/bookmark (HO)
) (B:\Programas\MiKTeX\tex/latex/letltxmacro\letltxmacro.sty
Package: letltxmacro 2019/12/03 v1.6 Let assignment for LaTeX macros (HO)
) (B:\Programas\MiKTeX\tex/latex/auxhook\auxhook.sty
Package: auxhook 2019-12-17 v1.6 Hooks for auxiliary files (HO)
) (B:\Programas\MiKTeX\tex/latex/hyperref\nameref.sty
Package: nameref 2023-11-26 v2.56 Cross-referencing by name of section
 (B:\Programas\MiKTeX\tex/latex/refcount\refcount.sty
Package: refcount 2019/12/15 v3.6 Data extraction from label references (HO)
) (B:\Programas\MiKTeX\tex/generic/gettitlestring\gettitlestring.sty
Package: gettitlestring 2019/12/15 v1.6 Cleanup title references (HO)
 (B:\Programas\MiKTeX\tex/latex/kvoptions\kvoptions.sty
Package: kvoptions 2022-06-15 v3.15 Key value format for package options (HO)
))
\c@section@level=\count297
)
\@linkdim=\dimen193
\Hy@linkcounter=\count298
\Hy@pagecounter=\count299
 (B:\Programas\MiKTeX\tex/latex/hyperref\pd1enc.def
File: pd1enc.def 2023-11-26 v7.01g Hyperref: PDFDocEncoding definition (HO)
Now handling font encoding PD1 ...
... no UTF-8 mapping file for font encoding PD1
) (B:\Programas\MiKTeX\tex/generic/intcalc\intcalc.sty
Package: intcalc 2019/12/15 v1.3 Expandable calculations with integers (HO)
)
\Hy@SavedSpaceFactor=\count300
 (B:\Programas\MiKTeX\tex/latex/hyperref\puenc.def
File: puenc.def 2023-11-26 v7.01g Hyperref: PDF Unicode definition (HO)
Now handling font encoding PU ...
... no UTF-8 mapping file for font encoding PU
)
Package hyperref Info: Hyper figures OFF on input line 4181.
Package hyperref Info: Link nesting OFF on input line 4186.
Package hyperref Info: Hyper index ON on input line 4189.
Package hyperref Info: Plain pages OFF on input line 4196.
Package hyperref Info: Backreferencing OFF on input line 4201.
Package hyperref Info: Implicit mode ON; LaTeX internals redefined.
Package hyperref Info: Bookmarks ON on input line 4448.
\c@Hy@tempcnt=\count301
 (B:\Programas\MiKTeX\tex/latex/url\url.sty
\Urlmuskip=\muskip16
Package: url 2013/09/16  ver 3.4  Verb mode for urls, etc.
)
LaTeX Info: Redefining \url on input line 4786.
\XeTeXLinkMargin=\dimen194
 (B:\Programas\MiKTeX\tex/generic/bitset\bitset.sty
Package: bitset 2019/12/09 v1.3 Handle bit-vector datatype (HO)
 (B:\Programas\MiKTeX\tex/generic/bigintcalc\bigintcalc.sty
Package: bigintcalc 2019/12/15 v1.5 Expandable calculations on big integers (HO)
))
\Fld@menulength=\count302
\Field@Width=\dimen195
\Fld@charsize=\dimen196
Package hyperref Info: Hyper figures OFF on input line 6065.
Package hyperref Info: Link nesting OFF on input line 6070.
Package hyperref Info: Hyper index ON on input line 6073.
Package hyperref Info: backreferencing OFF on input line 6080.
Package hyperref Info: Link coloring OFF on input line 6085.
Package hyperref Info: Link coloring with OCG OFF on input line 6090.
Package hyperref Info: PDF/A mode OFF on input line 6095.
 (B:\Programas\MiKTeX\tex/latex/base\atbegshi-ltx.sty
Package: atbegshi-ltx 2021/01/10 v1.0c Emulation of the original atbegshi
package with kernel methods
)
\Hy@abspage=\count303
\c@Item=\count304
\c@Hfootnote=\count305
)
Package hyperref Info: Driver (autodetected): hpdftex.
 (B:\Programas\MiKTeX\tex/latex/hyperref\hpdftex.def
File: hpdftex.def 2023-11-26 v7.01g Hyperref driver for pdfTeX
 (B:\Programas\MiKTeX\tex/latex/base\atveryend-ltx.sty
Package: atveryend-ltx 2020/08/19 v1.0a Emulation of the original atveryend package
with kernel methods
)
\Fld@listcount=\count306
\c@bookmark@seq@number=\count307
 (B:\Programas\MiKTeX\tex/latex/rerunfilecheck\rerunfilecheck.sty
Package: rerunfilecheck 2022-07-10 v1.10 Rerun checks for auxiliary files (HO)
 (B:\Programas\MiKTeX\tex/generic/uniquecounter\uniquecounter.sty
Package: uniquecounter 2019/12/15 v1.4 Provide unlimited unique counter (HO)
)
Package uniquecounter Info: New unique counter `rerunfilecheck' on input line 285.
)
\Hy@SectionHShift=\skip67
) (B:\Programas\MiKTeX\tex/latex/colortbl\colortbl.sty
Package: colortbl 2024/02/20 v1.0g Color table columns (DPC)
\everycr=\toks42
\minrowclearance=\skip68
\rownum=\count308
) (B:\Programas\MiKTeX\tex/latex/footmisc\footmisc.sty
Package: footmisc 2023/07/05 v6.0f a miscellany of footnote facilities
\FN@temptoken=\toks43
\footnotemargin=\dimen197
\@outputbox@depth=\dimen198
Package footmisc Info: Declaring symbol style bringhurst on input line 696.
Package footmisc Info: Declaring symbol style chicago on input line 704.
Package footmisc Info: Declaring symbol style wiley on input line 713.
Package footmisc Info: Declaring symbol style lamport-robust on input line 724.
Package footmisc Info: Declaring symbol style lamport* on input line 744.
Package footmisc Info: Declaring symbol style lamport*-robust on input line 765.
) (B:\Programas\MiKTeX\tex/latex/glossaries/base\glossaries.sty
Package: glossaries 2024/04/03 v4.54 (NLCT)
 (B:\Programas\MiKTeX\tex/latex/xkeyval\xkeyval.sty
Package: xkeyval 2022/06/16 v2.9 package option processing (HA)
 (B:\Programas\MiKTeX\tex/generic/xkeyval\xkeyval.tex (B:\Programas\MiKTeX\tex/generic/xkeyval\xkvutils.tex
\XKV@toks=\toks44
\XKV@tempa@toks=\toks45
)
\XKV@depth=\count309
File: xkeyval.tex 2014/12/03 v2.7a key=value parser (HA)
)) (B:\Programas\MiKTeX\tex/latex/mfirstuc\mfirstuc.sty
Package: mfirstuc 2022/10/14 v2.08 (NLCT)
\@glsmfirst=\toks46
\@glsmrest=\toks47
) (B:\Programas\MiKTeX\tex/latex/xfor\xfor.sty
Package: xfor 2009/02/05 v1.05 (NLCT)
) (B:\Programas\MiKTeX\tex/latex/datatool\datatool-base.sty
Package: datatool-base 2019/09/27 v2.32 (NLCT)
 (B:\Programas\MiKTeX\tex/latex/amsmath\amsmath.sty
Package: amsmath 2023/05/13 v2.17o AMS math features
\@mathmargin=\skip69

For additional information on amsmath, use the `?' option.
(B:\Programas\MiKTeX\tex/latex/amsmath\amstext.sty
Package: amstext 2021/08/26 v2.01 AMS text
 (B:\Programas\MiKTeX\tex/latex/amsmath\amsgen.sty
File: amsgen.sty 1999/11/30 v2.0 generic functions
\@emptytoks=\toks48
\ex@=\dimen199
)) (B:\Programas\MiKTeX\tex/latex/amsmath\amsbsy.sty
Package: amsbsy 1999/11/29 v1.2d Bold Symbols
\pmbraise@=\dimen256
) (B:\Programas\MiKTeX\tex/latex/amsmath\amsopn.sty
Package: amsopn 2022/04/08 v2.04 operator names
)
\inf@bad=\count310
LaTeX Info: Redefining \frac on input line 234.
\uproot@=\count311
\leftroot@=\count312
LaTeX Info: Redefining \overline on input line 399.
LaTeX Info: Redefining \colon on input line 410.
\classnum@=\count313
\DOTSCASE@=\count314
LaTeX Info: Redefining \ldots on input line 496.
LaTeX Info: Redefining \dots on input line 499.
LaTeX Info: Redefining \cdots on input line 620.
\Mathstrutbox@=\box83
\strutbox@=\box84
LaTeX Info: Redefining \big on input line 722.
LaTeX Info: Redefining \Big on input line 723.
LaTeX Info: Redefining \bigg on input line 724.
LaTeX Info: Redefining \Bigg on input line 725.
\big@size=\dimen257
LaTeX Font Info:    Redeclaring font encoding OML on input line 743.
LaTeX Font Info:    Redeclaring font encoding OMS on input line 744.
\macc@depth=\count315
LaTeX Info: Redefining \bmod on input line 905.
LaTeX Info: Redefining \pmod on input line 910.
LaTeX Info: Redefining \smash on input line 940.
LaTeX Info: Redefining \relbar on input line 970.
LaTeX Info: Redefining \Relbar on input line 971.
\c@MaxMatrixCols=\count316
\dotsspace@=\muskip17
\c@parentequation=\count317
\dspbrk@lvl=\count318
\tag@help=\toks49
\row@=\count319
\column@=\count320
\maxfields@=\count321
\andhelp@=\toks50
\eqnshift@=\dimen258
\alignsep@=\dimen259
\tagshift@=\dimen260
\tagwidth@=\dimen261
\totwidth@=\dimen262
\lineht@=\dimen263
\@envbody=\toks51
\multlinegap=\skip70
\multlinetaggap=\skip71
\mathdisplay@stack=\toks52
LaTeX Info: Redefining \[ on input line 2953.
LaTeX Info: Redefining \] on input line 2954.
) (B:\Programas\MiKTeX\tex/latex/substr\substr.sty
Package: substr 2009/10/20 v1.2 Handle substrings
\c@su@anzahl=\count322
) (B:\Programas\MiKTeX\tex/latex/datatool\datatool-fp.sty
Package: datatool-fp 2019/09/27 v2.32 (NLCT)
 (B:\Programas\MiKTeX\tex/latex/fp\fp.sty
Package: fp 1995/04/02
 `Fixed Point Package', Version 0.8, April 2, 1995 (C) Michael Mehlich (B:\Programas\MiKTeX\tex/latex/fp\defpattern.sty
Package: defpattern 1994/10/12
\actioncount=\count323
) (B:\Programas\MiKTeX\tex/latex/fp\fp-basic.sty
Package: fp-basic 1996/05/13
\FP@xs=\count324
\FP@xia=\count325
\FP@xib=\count326
\FP@xfa=\count327
\FP@xfb=\count328
\FP@rega=\count329
\FP@regb=\count330
\FP@regs=\count331
\FP@times=\count332
) (B:\Programas\MiKTeX\tex/latex/fp\fp-addons.sty
Package: fp-addons 1995/03/15
) (B:\Programas\MiKTeX\tex/latex/fp\fp-snap.sty
Package: fp-snap 1995/04/05
) (B:\Programas\MiKTeX\tex/latex/fp\fp-exp.sty
Package: fp-exp 1995/04/03
) (B:\Programas\MiKTeX\tex/latex/fp\fp-trigo.sty
Package: fp-trigo 1995/04/14
) (B:\Programas\MiKTeX\tex/latex/fp\fp-pas.sty
Package: fp-pas 1994/08/29
) (B:\Programas\MiKTeX\tex/latex/fp\fp-random.sty
Package: fp-random 1995/02/23
\FPseed=\count333
) (B:\Programas\MiKTeX\tex/latex/fp\fp-eqn.sty
Package: fp-eqn 1995/04/03
) (B:\Programas\MiKTeX\tex/latex/fp\fp-upn.sty
Package: fp-upn 1996/10/21
) (B:\Programas\MiKTeX\tex/latex/fp\fp-eval.sty
Package: fp-eval 1995/04/03
)))
\@dtl@toks=\toks53
\@dtl@tmpcount=\count334
\dtl@tmplength=\skip72
\dtl@sortresult=\count335
\@dtl@numgrpsepcount=\count336
\@dtl@datatype=\count337
\dtl@codeA=\count338
\dtl@codeB=\count339
\@dtl@foreach@level=\count340
) (B:\Programas\MiKTeX\tex/latex/tracklang\tracklang.sty
Package: tracklang 2022/12/13 v1.6.1 (NLCT) Track Languages
 (B:\Programas\MiKTeX\tex/generic/tracklang\tracklang.tex)) (B:\Programas\MiKTeX\tex/latex/translator\translator.sty
Package: translator 2021-05-31 v1.12d Easy translation of strings in LaTeX
) (B:\Programas\MiKTeX\tex/latex/glossaries-spanish\glossaries-spanish.ldf
File: glossaries-spanish.ldf 2014/11/23 v1.0
 (B:\Programas\MiKTeX\tex/latex/glossaries-spanish\glossaries-spanish-utf8.ldf))
\gls@level=\count341
\@gls@tmpb=\toks54
\gls@tmplen=\skip73
\glskeylisttok=\toks55
\glslabeltok=\toks56
\glsshorttok=\toks57
\glslongtok=\toks58
 (B:\Programas\MiKTeX\tex/latex/glossaries/styles\glossary-hypernav.sty
Package: glossary-hypernav 2024/04/03 v4.54 (NLCT)
) (B:\Programas\MiKTeX\tex/latex/glossaries/styles\glossary-list.sty
Package: glossary-list 2024/04/03 v4.54 (NLCT)
\glslistdottedwidth=\skip74
) (B:\Programas\MiKTeX\tex/latex/glossaries/styles\glossary-long.sty
Package: glossary-long 2024/04/03 v4.54 (NLCT)
\glsdescwidth=\skip75
\glspagelistwidth=\skip76
) (B:\Programas\MiKTeX\tex/latex/glossaries/styles\glossary-super.sty
Package: glossary-super 2024/04/03 v4.54 (NLCT)
 (B:\Programas\MiKTeX\tex/latex/supertabular\supertabular.sty
Package: supertabular 2020/02/02 v4.1g the supertabular environment
\c@tracingst=\count342
\ST@wd=\dimen264
\ST@rightskip=\skip77
\ST@leftskip=\skip78
\ST@parfillskip=\skip79
\ST@pageleft=\dimen265
\ST@headht=\dimen266
\ST@tailht=\dimen267
\ST@pagesofar=\dimen268
\ST@pboxht=\dimen269
\ST@lineht=\dimen270
\ST@prevht=\dimen271
\ST@toadd=\dimen272
\ST@dimen=\dimen273
\ST@pbox=\box85
)) (B:\Programas\MiKTeX\tex/latex/glossaries/styles\glossary-tree.sty
Package: glossary-tree 2024/04/03 v4.54 (NLCT)
\glstreeindent=\skip80
)) (Glosario/Glosario.tex)
\c@teorema=\count343
\c@ejemplo=\count344
\c@definicion=\count345
 (B:\Programas\MiKTeX\tex/latex/pdfpages\pdfpages.sty
Package: pdfpages 2024/01/21 v0.5y Insert pages of external PDF documents (AM)
 (B:\Programas\MiKTeX\tex/latex/tools\calc.sty
Package: calc 2023/07/08 v4.3 Infix arithmetic (KKT,FJ)
\calc@Acount=\count346
\calc@Bcount=\count347
\calc@Adimen=\dimen274
\calc@Bdimen=\dimen275
\calc@Askip=\skip81
\calc@Bskip=\skip82
LaTeX Info: Redefining \setlength on input line 80.
LaTeX Info: Redefining \addtolength on input line 81.
\calc@Ccount=\count348
\calc@Cskip=\skip83
) (B:\Programas\MiKTeX\tex/latex/eso-pic\eso-pic.sty
Package: eso-pic 2023/05/03 v3.0c eso-pic (RN)
\ESO@tempdima=\dimen276
\ESO@tempdimb=\dimen277
)
\AM@pagewidth=\dimen278
\AM@pageheight=\dimen279
\AM@fboxrule=\dimen280
 (B:\Programas\MiKTeX\tex/latex/pdfpages\pppdftex.def
File: pppdftex.def 2024/01/21 v0.5y Pdfpages driver for pdfTeX (AM)
)
\pdfpages@includegraphics@status=\count349
\AM@pagebox=\box86
\AM@global@opts=\toks59
\AM@pagecnt=\count350
\AM@toc@title=\toks60
\AM@lof@heading=\toks61
\c@AM@survey=\count351
\AM@templatesizebox=\box87
)
Package hyperref Info: Option `colorlinks' set `true' on input line 238.
 (B:\Programas\MiKTeX\tex/latex/l3backend\l3backend-pdftex.def
File: l3backend-pdftex.def 2024-01-04 L3 backend support: PDF output (pdfTeX)
\l__color_backend_stack_int=\count352
\l__pdf_internal_box=\box88
) (TFG.aux
LaTeX Info: Redefining \. on input line 13.
LaTeX Info: Redefining \% on input line 13.
)
\openout1 = `TFG.aux'.

LaTeX Font Info:    Checking defaults for OML/cmm/m/it on input line 244.
LaTeX Font Info:    ... okay on input line 244.
LaTeX Font Info:    Checking defaults for OMS/cmsy/m/n on input line 244.
LaTeX Font Info:    ... okay on input line 244.
LaTeX Font Info:    Checking defaults for OT1/cmr/m/n on input line 244.
LaTeX Font Info:    ... okay on input line 244.
LaTeX Font Info:    Checking defaults for T1/cmr/m/n on input line 244.
LaTeX Font Info:    ... okay on input line 244.
LaTeX Font Info:    Checking defaults for TS1/cmr/m/n on input line 244.
LaTeX Font Info:    ... okay on input line 244.
LaTeX Font Info:    Checking defaults for OMX/cmex/m/n on input line 244.
LaTeX Font Info:    ... okay on input line 244.
LaTeX Font Info:    Checking defaults for U/cmr/m/n on input line 244.
LaTeX Font Info:    ... okay on input line 244.
LaTeX Font Info:    Checking defaults for PD1/pdf/m/n on input line 244.
LaTeX Font Info:    ... okay on input line 244.
LaTeX Font Info:    Checking defaults for PU/pdf/m/n on input line 244.
LaTeX Font Info:    ... okay on input line 244.
\c@lstlisting=\count353
LaTeX Info: Redefining \. on input line 244.
LaTeX Info: Redefining \% on input line 244.
 (B:\Programas\MiKTeX\tex/context/base/mkii\supp-pdf.mkii
[Loading MPS to PDF converter (version 2006.09.02).]
\scratchcounter=\count354
\scratchdimen=\dimen281
\scratchbox=\box89
\nofMPsegments=\count355
\nofMParguments=\count356
\everyMPshowfont=\toks62
\MPscratchCnt=\count357
\MPscratchDim=\dimen282
\MPnumerator=\count358
\makeMPintoPDFobject=\count359
\everyMPtoPDFconversion=\toks63
) (B:\Programas\MiKTeX\tex/latex/epstopdf-pkg\epstopdf-base.sty
Package: epstopdf-base 2020-01-24 v2.11 Base part for package epstopdf
Package epstopdf-base Info: Redefining graphics rule for `.eps' on input line 485.
 (B:\Programas\MiKTeX\tex/latex/00miktex\epstopdf-sys.cfg
File: epstopdf-sys.cfg 2021/03/18 v2.0 Configuration of epstopdf for MiKTeX
))
Package hyperref Info: Link coloring ON on input line 244.
 (TFG.out) (TFG.out)
\@outlinefile=\write4
\openout4 = `TFG.out'.

 (B:\Programas\MiKTeX\tex/latex/pdflscape\pdflscape.sty
Package: pdflscape 2022-10-27 v0.13 Display of landscape pages in PDF
 (B:\Programas\MiKTeX\tex/latex/pdflscape\pdflscape-nometadata.sty
Package: pdflscape-nometadata 2022-10-28 v0.13 Display of landscape pages in PDF (HO)
 (B:\Programas\MiKTeX\tex/latex/graphics\lscape.sty
Package: lscape 2020/05/28 v3.02 Landscape Pages (DPC)
)
Package pdflscape Info: Auto-detected driver: pdftex on input line 81.
)) (portada/portada.tex
\centeroffset=\skip84
<imagenes/logo_ugr.png, id=414, 647.2983pt x 180.1932pt>
File: imagenes/logo_ugr.png Graphic file (type png)
<use imagenes/logo_ugr.png>
Package pdftex.def Info: imagenes/logo_ugr.png  used on input line 10.
(pdftex.def)             Requested size: 323.9978pt x 90.19534pt.

Overfull \hbox (24.0pt too wide) in paragraph at lines 8--19
| $[]$
 []

<imagenes/etsiit_logo.png, id=416, 110.814pt x 40.4712pt>
File: imagenes/etsiit_logo.png Graphic file (type png)
<use imagenes/etsiit_logo.png>
Package pdftex.def Info: imagenes/etsiit_logo.png  used on input line 31.
(pdftex.def)             Requested size: 90.0pt x 32.8698pt.
<imagenes/QRGithub.png, id=417, 2263.45625pt x 2263.45625pt>
File: imagenes/QRGithub.png Graphic file (type png)
<use imagenes/QRGithub.png>
Package pdftex.def Info: imagenes/QRGithub.png  used on input line 39.
(pdftex.def)             Requested size: 36.0022pt x 35.98808pt.

Overfull \hbox (36.0022pt too wide) in paragraph at lines 38--44
 []$[]$$[]$ 
 []


Overfull \hbox (24.0pt too wide) in paragraph at lines 20--51
| $[]$ 
 []

[1


{C:/Users/Clm/AppData/Local/MiKTeX/fonts/map/pdftex/pdftex.map} <./imagenes/logo_ugr.png> <./imagenes/etsiit_logo.png> <./imagenes/QRGithub.png>]) (prefacios/prefacio.tex [2

] (portada/portada_2.tex [3] [4

]
<imagenes/Logo.png, id=442, 2517.405pt x 551.05875pt>
File: imagenes/Logo.png Graphic file (type png)
<use imagenes/Logo.png>
Package pdftex.def Info: imagenes/Logo.png  used on input line 21.
(pdftex.def)             Requested size: 360.0pt x 78.80415pt.

Overfull \hbox (24.0pt too wide) in paragraph at lines 7--29
| $[]$ 
 []


Overfull \hbox (24.0pt too wide) in paragraph at lines 31--44
| $[]$
 []


pdfTeX warning (ext4): destination with the same identifier (name{page.1}) has been already used, duplicate ignored
<to be read again> 
                   \relax 
l.46 \end{titlepage}
                     [1 <./imagenes/Logo.png>])
pdfTeX warning (ext4): destination with the same identifier (name{page.2}) has been already used, duplicate ignored
<to be read again> 
                   \relax 
l.11 \cleardoublepage
                      [2

]
Underfull \hbox (badness 10000) in paragraph at lines 22--23

 []


Underfull \hbox (badness 10000) in paragraph at lines 25--26

 []


pdfTeX warning (ext4): destination with the same identifier (name{page.3}) has been already used, duplicate ignored
<to be read again> 
                   \relax 
l.33 \cleardoublepage
                      [3]
pdfTeX warning (ext4): destination with the same identifier (name{page.4}) has been already used, duplicate ignored
<to be read again> 
                   \relax 
l.33 \cleardoublepage
                      [4

]
Underfull \hbox (badness 10000) in paragraph at lines 47--48

 []


Underfull \hbox (badness 10000) in paragraph at lines 50--51

 []

[5] [6

]
Underfull \hbox (badness 10000) in paragraph at lines 61--62

 []

<prefacios/Firma.jpg, id=465, 597.432pt x 660.5478pt>
File: prefacios/Firma.jpg Graphic file (type jpg)
<use prefacios/Firma.jpg>
Package pdftex.def Info: prefacios/Firma.jpg  used on input line 71.
(pdftex.def)             Requested size: 71.9989pt x 79.605pt.
[7 <./prefacios/Firma.jpg>] [8

]
Underfull \hbox (badness 10000) in paragraph at lines 85--86

 []

[9] [10

]) [11] [12

] (TFG.toc
LaTeX Info: Redefining \. on input line 1.
LaTeX Info: Redefining \% on input line 1.

pdfTeX warning (ext4): destination with the same identifier (name{page.1}) has been already used, duplicate ignored
<to be read again> 
                   \relax 
l.89 ...ión de componentes}{49}{subsection.4.1.1}
                                                  % [1

]
LaTeX Info: Redefining \. on input line 173.
LaTeX Info: Redefining \% on input line 173.
LaTeX Info: Redefining \. on input line 173.
LaTeX Info: Redefining \% on input line 173.

pdfTeX warning (ext4): destination with the same identifier (name{page.2}) has been already used, duplicate ignored
<to be read again> 
                   \relax 
l.173 ...{\numberline {10}Mejoras}{99}{chapter.10}
                                                  % [2])
\tf@toc=\write5
\openout5 = `TFG.toc'.

 (Capitulos/01_Introduccion.tex
LaTeX Info: Redefining \. on input line 1.
LaTeX Info: Redefining \% on input line 1.
LaTeX Info: Redefining \. on input line 1.
LaTeX Info: Redefining \% on input line 1.

pdfTeX warning (ext4): destination with the same identifier (name{page.3}) has been already used, duplicate ignored
<to be read again> 
                   \relax 
l.1 \chapter
            {Introducción} [3]
pdfTeX warning (ext4): destination with the same identifier (name{page.4}) has been already used, duplicate ignored
<to be read again> 
                   \relax 
l.1 \chapter
            {Introducción} [4

]
Cap\'{\i }tulo 1.

Underfull \vbox (badness 1558) has occurred while \output is active []


pdfTeX warning (ext4): destination with the same identifier (name{page.5}) has been already used, duplicate ignored
<to be read again> 
                   \relax 
l.12 E
      n lugar de adherirme a las técnicas de fabricación y ensamblaje conv... [5]
Underfull \vbox (badness 10000) has occurred while \output is active []

LaTeX Info: Redefining \. on input line 22.
LaTeX Info: Redefining \% on input line 22.
LaTeX Info: Redefining \. on input line 22.
LaTeX Info: Redefining \% on input line 22.

pdfTeX warning (ext4): destination with the same identifier (name{page.6}) has been already used, duplicate ignored
<to be read again> 
                   \relax 
l.22 
      [6]
LaTeX Info: Redefining \. on input line 38.
LaTeX Info: Redefining \% on input line 38.
LaTeX Info: Redefining \. on input line 38.
LaTeX Info: Redefining \% on input line 38.

pdfTeX warning (ext4): destination with the same identifier (name{page.7}) has been already used, duplicate ignored
<to be read again> 
                   \relax 
l.38 \newpage
              [7]
LaTeX Info: Redefining \. on input line 60.
LaTeX Info: Redefining \% on input line 60.
LaTeX Info: Redefining \. on input line 60.
LaTeX Info: Redefining \% on input line 60.

pdfTeX warning (ext4): destination with the same identifier (name{page.8}) has been already used, duplicate ignored
<to be read again> 
                   \relax 
l.60 
      [8]
LaTeX Info: Redefining \. on input line 78.
LaTeX Info: Redefining \% on input line 78.
LaTeX Info: Redefining \. on input line 78.
LaTeX Info: Redefining \% on input line 78.

pdfTeX warning (ext4): destination with the same identifier (name{page.9}) has been already used, duplicate ignored
<to be read again> 
                   \relax 
l.78 A
      demás, la introducción de teclados inalámbricos, ergonómicos o com... [9]) (Capitulos/02_Especificacion.tex
LaTeX Info: Redefining \. on input line 1.
LaTeX Info: Redefining \% on input line 1.
LaTeX Info: Redefining \. on input line 1.
LaTeX Info: Redefining \% on input line 1.

pdfTeX warning (ext4): destination with the same identifier (name{page.10}) has been already used, duplicate ignored
<to be read again> 
                   \relax 
l.1 \chapter
            {Especificación del Sistema} [10]
Cap\'{\i }tulo 2.

pdfTeX warning (ext4): destination with the same identifier (name{page.11}) has been already used, duplicate ignored
<to be read again> 
                   \relax 
l.26 \item \textbf
                  {RF-9:} El teclado será capaz de funcionar mientras se ca... [11

]
LaTeX Info: Redefining \. on input line 59.
LaTeX Info: Redefining \% on input line 59.
LaTeX Info: Redefining \. on input line 59.
LaTeX Info: Redefining \% on input line 59.

pdfTeX warning (ext4): destination with the same identifier (name{page.12}) has been already used, duplicate ignored
<to be read again> 
                   \relax 
l.59 \end{itemize}
                   [12]
LaTeX Info: Redefining \. on input line 97.
LaTeX Info: Redefining \% on input line 97.
LaTeX Info: Redefining \. on input line 97.
LaTeX Info: Redefining \% on input line 97.
 [13]
LaTeX Info: Redefining \. on input line 129.
LaTeX Info: Redefining \% on input line 129.
LaTeX Info: Redefining \. on input line 129.
LaTeX Info: Redefining \% on input line 129.
 [14]
<imagenes/Capitulos/Cap02/DiagramaGantt.png, id=868, 2084.53781pt x 639.13782pt>
File: imagenes/Capitulos/Cap02/DiagramaGantt.png Graphic file (type png)
<use imagenes/Capitulos/Cap02/DiagramaGantt.png>
Package pdftex.def Info: imagenes/Capitulos/Cap02/DiagramaGantt.png  used on input line 134.
(pdftex.def)             Requested size: 595.80026pt x 182.67305pt.
) (Capitulos/03_DiseñoyPrototipado.tex
LaTeX Info: Redefining \. on input line 1.
LaTeX Info: Redefining \% on input line 1.
LaTeX Info: Redefining \. on input line 1.
LaTeX Info: Redefining \% on input line 1.
 [15]
LaTeX Info: Redefining \. on input line 1.
LaTeX Info: Redefining \% on input line 1.
LaTeX Info: Redefining \. on input line 1.
LaTeX Info: Redefining \% on input line 1.
 [16 <./imagenes/Capitulos/Cap02/DiagramaGantt.png>]
Cap\'{\i }tulo 3.
<imagenes/Capitulos/Cap03/KeyboardTeardown.png, id=883, 770.88pt x 441.14813pt>
File: imagenes/Capitulos/Cap03/KeyboardTeardown.png Graphic file (type png)
<use imagenes/Capitulos/Cap03/KeyboardTeardown.png>
Package pdftex.def Info: imagenes/Capitulos/Cap03/KeyboardTeardown.png  used on input line 9.
(pdftex.def)             Requested size: 360.0pt x 206.01357pt.

Underfull \vbox (badness 10000) has occurred while \output is active []

 [17

 <./imagenes/Capitulos/Cap03/KeyboardTeardown.png>]
<imagenes/Capitulos/Cap03/Keycaps.png, id=900, 547.2947pt x 294.34969pt>
File: imagenes/Capitulos/Cap03/Keycaps.png Graphic file (type png)
<use imagenes/Capitulos/Cap03/Keycaps.png>
Package pdftex.def Info: imagenes/Capitulos/Cap03/Keycaps.png  used on input line 22.
(pdftex.def)             Requested size: 270.0pt x 145.21622pt.
LaTeX Info: Redefining \. on input line 37.
LaTeX Info: Redefining \% on input line 37.
LaTeX Info: Redefining \. on input line 37.
LaTeX Info: Redefining \% on input line 37.
 [18 <./imagenes/Capitulos/Cap03/Keycaps.png>]
<imagenes/Capitulos/Cap03/Switches.png, id=930, 602.25pt x 451.6875pt>
File: imagenes/Capitulos/Cap03/Switches.png Graphic file (type png)
<use imagenes/Capitulos/Cap03/Switches.png>
Package pdftex.def Info: imagenes/Capitulos/Cap03/Switches.png  used on input line 43.
(pdftex.def)             Requested size: 360.0pt x 270.00832pt.
LaTeX Info: Redefining \. on input line 49.
LaTeX Info: Redefining \% on input line 49.
LaTeX Info: Redefining \. on input line 49.
LaTeX Info: Redefining \% on input line 49.
 [19 <./imagenes/Capitulos/Cap03/Switches.png>]
<imagenes/Capitulos/Cap03/TopCase2.png, id=946, 522.45187pt x 228.10219pt>
File: imagenes/Capitulos/Cap03/TopCase2.png Graphic file (type png)
<use imagenes/Capitulos/Cap03/TopCase2.png>
Package pdftex.def Info: imagenes/Capitulos/Cap03/TopCase2.png  used on input line 56.
(pdftex.def)             Requested size: 360.0pt x 157.17834pt.
<imagenes/Capitulos/Cap03/TopCase1.png, id=948, 886.31125pt x 400.49625pt>
File: imagenes/Capitulos/Cap03/TopCase1.png Graphic file (type png)
<use imagenes/Capitulos/Cap03/TopCase1.png>
Package pdftex.def Info: imagenes/Capitulos/Cap03/TopCase1.png  used on input line 63.
(pdftex.def)             Requested size: 360.0pt x 162.67676pt.
LaTeX Info: Redefining \. on input line 71.
LaTeX Info: Redefining \% on input line 71.
LaTeX Info: Redefining \. on input line 71.
LaTeX Info: Redefining \% on input line 71.
 [20 <./imagenes/Capitulos/Cap03/TopCase2.png> <./imagenes/Capitulos/Cap03/TopCase1.png>]
<imagenes/Capitulos/Cap03/Montajes/Montaje1.png, id=972, 587.19376pt x 274.02374pt>
File: imagenes/Capitulos/Cap03/Montajes/Montaje1.png Graphic file (type png)
<use imagenes/Capitulos/Cap03/Montajes/Montaje1.png>
Package pdftex.def Info: imagenes/Capitulos/Cap03/Montajes/Montaje1.png  used on input line 78.
(pdftex.def)             Requested size: 262.79846pt x 122.63635pt.
<imagenes/Capitulos/Cap03/Montajes/Montaje2.png, id=975, 633.86812pt x 269.50688pt>
File: imagenes/Capitulos/Cap03/Montajes/Montaje2.png Graphic file (type png)
<use imagenes/Capitulos/Cap03/Montajes/Montaje2.png>
Package pdftex.def Info: imagenes/Capitulos/Cap03/Montajes/Montaje2.png  used on input line 86.
(pdftex.def)             Requested size: 251.9989pt x 107.14285pt.
<imagenes/Capitulos/Cap03/Montajes/Montaje3.png, id=978, 632.3625pt x 268.75406pt>
File: imagenes/Capitulos/Cap03/Montajes/Montaje3.png Graphic file (type png)
<use imagenes/Capitulos/Cap03/Montajes/Montaje3.png>
Package pdftex.def Info: imagenes/Capitulos/Cap03/Montajes/Montaje3.png  used on input line 94.
(pdftex.def)             Requested size: 251.9989pt x 107.09782pt.
LaTeX Info: Redefining \. on input line 97.
LaTeX Info: Redefining \% on input line 97.
LaTeX Info: Redefining \. on input line 97.
LaTeX Info: Redefining \% on input line 97.
 [21 <./imagenes/Capitulos/Cap03/Montajes/Montaje1.png> <./imagenes/Capitulos/Cap03/Montajes/Montaje2.png>]
<imagenes/Capitulos/Cap03/Montajes/Montaje4.png, id=993, 583.42969pt x 261.22594pt>
File: imagenes/Capitulos/Cap03/Montajes/Montaje4.png Graphic file (type png)
<use imagenes/Capitulos/Cap03/Montajes/Montaje4.png>
Package pdftex.def Info: imagenes/Capitulos/Cap03/Montajes/Montaje4.png  used on input line 102.
(pdftex.def)             Requested size: 251.9989pt x 112.83118pt.
<imagenes/Capitulos/Cap03/Montajes/Montaje5.png, id=998, 585.68813pt x 260.47313pt>
File: imagenes/Capitulos/Cap03/Montajes/Montaje5.png Graphic file (type png)
<use imagenes/Capitulos/Cap03/Montajes/Montaje5.png>
Package pdftex.def Info: imagenes/Capitulos/Cap03/Montajes/Montaje5.png  used on input line 110.
(pdftex.def)             Requested size: 251.9989pt x 112.0728pt.
<imagenes/Capitulos/Cap03/Montajes/Montaje6.png, id=1001, 632.3625pt x 263.48438pt>
File: imagenes/Capitulos/Cap03/Montajes/Montaje6.png Graphic file (type png)
<use imagenes/Capitulos/Cap03/Montajes/Montaje6.png>
Package pdftex.def Info: imagenes/Capitulos/Cap03/Montajes/Montaje6.png  used on input line 118.
(pdftex.def)             Requested size: 251.9989pt x 104.99786pt.
LaTeX Info: Redefining \. on input line 121.
LaTeX Info: Redefining \% on input line 121.
LaTeX Info: Redefining \. on input line 121.
LaTeX Info: Redefining \% on input line 121.
 [22 <./imagenes/Capitulos/Cap03/Montajes/Montaje3.png> <./imagenes/Capitulos/Cap03/Montajes/Montaje4.png> <./imagenes/Capitulos/Cap03/Montajes/Montaje5.png>]
<imagenes/Capitulos/Cap03/Montajes/Montaje7.png, id=1016, 837.1275pt x 349.305pt>
File: imagenes/Capitulos/Cap03/Montajes/Montaje7.png Graphic file (type png)
<use imagenes/Capitulos/Cap03/Montajes/Montaje7.png>
Package pdftex.def Info: imagenes/Capitulos/Cap03/Montajes/Montaje7.png  used on input line 126.
(pdftex.def)             Requested size: 251.9989pt x 105.14941pt.
LaTeX Info: Redefining \. on input line 132.
LaTeX Info: Redefining \% on input line 132.
LaTeX Info: Redefining \. on input line 132.
LaTeX Info: Redefining \% on input line 132.
 [23 <./imagenes/Capitulos/Cap03/Montajes/Montaje6.png> <./imagenes/Capitulos/Cap03/Montajes/Montaje7.png>]
<imagenes/Capitulos/Cap03/Plate.png, id=1032, 976.64874pt x 358.33875pt>
File: imagenes/Capitulos/Cap03/Plate.png Graphic file (type png)
<use imagenes/Capitulos/Cap03/Plate.png>
Package pdftex.def Info: imagenes/Capitulos/Cap03/Plate.png  used on input line 139.
(pdftex.def)             Requested size: 360.0pt x 132.0857pt.

Underfull \vbox (badness 10000) has occurred while \output is active []

LaTeX Info: Redefining \. on input line 155.
LaTeX Info: Redefining \% on input line 155.
LaTeX Info: Redefining \. on input line 155.
LaTeX Info: Redefining \% on input line 155.
 [24 <./imagenes/Capitulos/Cap03/Plate.png>]
<imagenes/Capitulos/Cap03/BottomCase.png, id=1055, 1027.84pt x 440.64626pt>
File: imagenes/Capitulos/Cap03/BottomCase.png Graphic file (type png)
<use imagenes/Capitulos/Cap03/BottomCase.png>
Package pdftex.def Info: imagenes/Capitulos/Cap03/BottomCase.png  used on input line 168.
(pdftex.def)             Requested size: 251.9989pt x 108.02986pt.

Underfull \vbox (badness 1867) has occurred while \output is active []

LaTeX Info: Redefining \. on input line 176.
LaTeX Info: Redefining \% on input line 176.
LaTeX Info: Redefining \. on input line 176.
LaTeX Info: Redefining \% on input line 176.
 [25 <./imagenes/Capitulos/Cap03/BottomCase.png>]
LaTeX Info: Redefining \. on input line 189.
LaTeX Info: Redefining \% on input line 189.
LaTeX Info: Redefining \. on input line 189.
LaTeX Info: Redefining \% on input line 189.
 [26]
LaTeX Info: Redefining \. on input line 210.
LaTeX Info: Redefining \% on input line 210.
LaTeX Info: Redefining \. on input line 210.
LaTeX Info: Redefining \% on input line 210.
 [27]
LaTeX Info: Redefining \. on input line 212.
LaTeX Info: Redefining \% on input line 212.
LaTeX Info: Redefining \. on input line 212.
LaTeX Info: Redefining \% on input line 212.
 [28]
<imagenes/Capitulos/Cap03/ISO105Layout.png, id=1099, 1239.63126pt x 372.39125pt>
File: imagenes/Capitulos/Cap03/ISO105Layout.png Graphic file (type png)
<use imagenes/Capitulos/Cap03/ISO105Layout.png>
Package pdftex.def Info: imagenes/Capitulos/Cap03/ISO105Layout.png  used on input line 223.
(pdftex.def)             Requested size: 360.0pt x 108.1441pt.
<imagenes/Capitulos/Cap03/ModernWoodLayout.png, id=1101, 1239.63126pt x 372.39125pt>
File: imagenes/Capitulos/Cap03/ModernWoodLayout.png Graphic file (type png)
<use imagenes/Capitulos/Cap03/ModernWoodLayout.png>
Package pdftex.def Info: imagenes/Capitulos/Cap03/ModernWoodLayout.png  used on input line 230.
(pdftex.def)             Requested size: 360.0pt x 108.1441pt.
LaTeX Info: Redefining \. on input line 236.
LaTeX Info: Redefining \% on input line 236.
LaTeX Info: Redefining \. on input line 236.
LaTeX Info: Redefining \% on input line 236.
 [29 <./imagenes/Capitulos/Cap03/ISO105Layout.png> <./imagenes/Capitulos/Cap03/ModernWoodLayout.png>]
LaTeX Info: Redefining \. on input line 256.
LaTeX Info: Redefining \% on input line 256.
LaTeX Info: Redefining \. on input line 256.
LaTeX Info: Redefining \% on input line 256.
 [30]
LaTeX Info: Redefining \. on input line 258.
LaTeX Info: Redefining \% on input line 258.
LaTeX Info: Redefining \. on input line 258.
LaTeX Info: Redefining \% on input line 258.
 [31]
Underfull \hbox (badness 2401) in paragraph at lines 334--334
\OT1/cmr/m/n/10 - Mo-do [][][][]deep sleep[][][] pa-ra aho-rrar
 []


Underfull \vbox (badness 4582) has occurred while \output is active []

LaTeX Info: Redefining \. on input line 348.
LaTeX Info: Redefining \% on input line 348.
LaTeX Info: Redefining \. on input line 348.
LaTeX Info: Redefining \% on input line 348.
 [32]
Underfull \hbox (badness 2401) in paragraph at lines 366--366
\OT1/cmr/m/n/10 - Mo-do [][][][]deep sleep[][][] pa-ra aho-rrar
 []


Underfull \vbox (badness 10000) has occurred while \output is active []

LaTeX Info: Redefining \. on input line 379.
LaTeX Info: Redefining \% on input line 379.
LaTeX Info: Redefining \. on input line 379.
LaTeX Info: Redefining \% on input line 379.
 [33]
<imagenes/Capitulos/Cap03/TP4056Schematic.png, id=1183, 593.21625pt x 256.70906pt>
File: imagenes/Capitulos/Cap03/TP4056Schematic.png Graphic file (type png)
<use imagenes/Capitulos/Cap03/TP4056Schematic.png>
Package pdftex.def Info: imagenes/Capitulos/Cap03/TP4056Schematic.png  used on input line 387.
(pdftex.def)             Requested size: 360.0pt x 155.7932pt.

Underfull \vbox (badness 10000) has occurred while \output is active []

LaTeX Info: Redefining \. on input line 394.
LaTeX Info: Redefining \% on input line 394.
LaTeX Info: Redefining \. on input line 394.
LaTeX Info: Redefining \% on input line 394.
 [34 <./imagenes/Capitulos/Cap03/TP4056Schematic.png>]
LaTeX Info: Redefining \. on input line 449.
LaTeX Info: Redefining \% on input line 449.
LaTeX Info: Redefining \. on input line 449.
LaTeX Info: Redefining \% on input line 449.
 [35]
<imagenes/Capitulos/Cap03/EjemploArrayTeclado.png, id=1214, 4930.42pt x 1441.385pt>
File: imagenes/Capitulos/Cap03/EjemploArrayTeclado.png Graphic file (type png)
<use imagenes/Capitulos/Cap03/EjemploArrayTeclado.png>
Package pdftex.def Info: imagenes/Capitulos/Cap03/EjemploArrayTeclado.png  used on input line 458.
(pdftex.def)             Requested size: 360.0pt x 105.24002pt.
LaTeX Info: Redefining \. on input line 463.
LaTeX Info: Redefining \% on input line 463.
LaTeX Info: Redefining \. on input line 463.
LaTeX Info: Redefining \% on input line 463.
 [36 <./imagenes/Capitulos/Cap03/EjemploArrayTeclado.png>]
<imagenes/Capitulos/Cap03/XS12.png, id=1233, 642.4pt x 292.09125pt>
File: imagenes/Capitulos/Cap03/XS12.png Graphic file (type png)
<use imagenes/Capitulos/Cap03/XS12.png>
Package pdftex.def Info: imagenes/Capitulos/Cap03/XS12.png  used on input line 471.
(pdftex.def)             Requested size: 270.0pt x 122.76662pt.
<imagenes/Capitulos/Cap03/GX16.png, id=1240, 681.54625pt x 292.09125pt>
File: imagenes/Capitulos/Cap03/GX16.png Graphic file (type png)
<use imagenes/Capitulos/Cap03/GX16.png>
Package pdftex.def Info: imagenes/Capitulos/Cap03/GX16.png  used on input line 480.
(pdftex.def)             Requested size: 288.0011pt x 123.4307pt.
<imagenes/Capitulos/Cap03/USBA.png, id=1241, 481.8pt x 248.93pt>
File: imagenes/Capitulos/Cap03/USBA.png Graphic file (type png)
<use imagenes/Capitulos/Cap03/USBA.png>
Package pdftex.def Info: imagenes/Capitulos/Cap03/USBA.png  used on input line 487.
(pdftex.def)             Requested size: 360.0pt x 186.00572pt.

Underfull \vbox (badness 1983) has occurred while \output is active []

LaTeX Info: Redefining \. on input line 491.
LaTeX Info: Redefining \% on input line 491.
LaTeX Info: Redefining \. on input line 491.
LaTeX Info: Redefining \% on input line 491.
 [37 <./imagenes/Capitulos/Cap03/XS12.png> <./imagenes/Capitulos/Cap03/GX16.png>]
<imagenes/Capitulos/Cap03/WS2812B.png, id=1258, 953.5625pt x 690.58pt>
File: imagenes/Capitulos/Cap03/WS2812B.png Graphic file (type png)
<use imagenes/Capitulos/Cap03/WS2812B.png>
Package pdftex.def Info: imagenes/Capitulos/Cap03/WS2812B.png  used on input line 498.
(pdftex.def)             Requested size: 288.0011pt x 208.57707pt.

Underfull \vbox (badness 1953) has occurred while \output is active []

LaTeX Info: Redefining \. on input line 506.
LaTeX Info: Redefining \% on input line 506.
LaTeX Info: Redefining \. on input line 506.
LaTeX Info: Redefining \% on input line 506.
 [38 <./imagenes/Capitulos/Cap03/USBA.png> <./imagenes/Capitulos/Cap03/WS2812B.png>]
LaTeX Info: Redefining \. on input line 511.
LaTeX Info: Redefining \% on input line 511.
LaTeX Info: Redefining \. on input line 511.
LaTeX Info: Redefining \% on input line 511.
 [39]
LaTeX Info: Redefining \. on input line 536.
LaTeX Info: Redefining \% on input line 536.
LaTeX Info: Redefining \. on input line 536.
LaTeX Info: Redefining \% on input line 536.
 [40]
LaTeX Info: Redefining \. on input line 548.
LaTeX Info: Redefining \% on input line 548.
LaTeX Info: Redefining \. on input line 548.
LaTeX Info: Redefining \% on input line 548.
 [41]
LaTeX Info: Redefining \. on input line 563.
LaTeX Info: Redefining \% on input line 563.
LaTeX Info: Redefining \. on input line 563.
LaTeX Info: Redefining \% on input line 563.
 [42]
Overfull \hbox (3.53946pt too wide) in paragraph at lines 572--594
[][] 
 []

LaTeX Info: Redefining \. on input line 598.
LaTeX Info: Redefining \% on input line 598.
LaTeX Info: Redefining \. on input line 598.
LaTeX Info: Redefining \% on input line 598.
[43]
Overfull \hbox (27.03961pt too wide) in paragraph at lines 607--628
[][] 
 []

LaTeX Info: Redefining \. on input line 632.
LaTeX Info: Redefining \% on input line 632.
LaTeX Info: Redefining \. on input line 632.
LaTeX Info: Redefining \% on input line 632.
[44]
Overfull \hbox (5.10889pt too wide) in paragraph at lines 641--656
[][] 
 []

) (Capitulos/04_Circuitos.tex
LaTeX Info: Redefining \. on input line 1.
LaTeX Info: Redefining \% on input line 1.
LaTeX Info: Redefining \. on input line 1.
LaTeX Info: Redefining \% on input line 1.
 [45] [46

]
Cap\'{\i }tulo 4.
[47]
LaTeX Info: Redefining \. on input line 49.
LaTeX Info: Redefining \% on input line 49.
LaTeX Info: Redefining \. on input line 49.
LaTeX Info: Redefining \% on input line 49.
 [48]
LaTeX Info: Redefining \. on input line 64.
LaTeX Info: Redefining \% on input line 64.
LaTeX Info: Redefining \. on input line 64.
LaTeX Info: Redefining \% on input line 64.
 [49]
<imagenes/Capitulos/Cap04/MatrizTeclas.png, id=1439, 6732.15125pt x 4634.31375pt>
File: imagenes/Capitulos/Cap04/MatrizTeclas.png Graphic file (type png)
<use imagenes/Capitulos/Cap04/MatrizTeclas.png>
Package pdftex.def Info: imagenes/Capitulos/Cap04/MatrizTeclas.png  used on input line 77.
(pdftex.def)             Requested size: 360.0pt x 247.78131pt.
LaTeX Info: Redefining \. on input line 82.
LaTeX Info: Redefining \% on input line 82.
LaTeX Info: Redefining \. on input line 82.
LaTeX Info: Redefining \% on input line 82.
 [50 <./imagenes/Capitulos/Cap04/MatrizTeclas.png>]
<imagenes/Capitulos/Cap04/Mux.png, id=1451, 862.22125pt x 1540.75626pt>
File: imagenes/Capitulos/Cap04/Mux.png Graphic file (type png)
<use imagenes/Capitulos/Cap04/Mux.png>
Package pdftex.def Info: imagenes/Capitulos/Cap04/Mux.png  used on input line 88.
(pdftex.def)             Requested size: 216.0022pt x 385.98746pt.
LaTeX Info: Redefining \. on input line 93.
LaTeX Info: Redefining \% on input line 93.
LaTeX Info: Redefining \. on input line 93.
LaTeX Info: Redefining \% on input line 93.
 [51 <./imagenes/Capitulos/Cap04/Mux.png>]
<imagenes/Capitulos/Cap04/CHIP.png, id=1463, 2021.5525pt x 1624.0675pt>
File: imagenes/Capitulos/Cap04/CHIP.png Graphic file (type png)
<use imagenes/Capitulos/Cap04/CHIP.png>
Package pdftex.def Info: imagenes/Capitulos/Cap04/CHIP.png  used on input line 99.
(pdftex.def)             Requested size: 360.0pt x 289.1971pt.
LaTeX Info: Redefining \. on input line 104.
LaTeX Info: Redefining \% on input line 104.
LaTeX Info: Redefining \. on input line 104.
LaTeX Info: Redefining \% on input line 104.
 [52 <./imagenes/Capitulos/Cap04/CHIP.png>]
<imagenes/Capitulos/Cap04/Battery.png, id=1475, 2759.30875pt x 2359.81625pt>
File: imagenes/Capitulos/Cap04/Battery.png Graphic file (type png)
<use imagenes/Capitulos/Cap04/Battery.png>
Package pdftex.def Info: imagenes/Capitulos/Cap04/Battery.png  used on input line 110.
(pdftex.def)             Requested size: 360.0pt x 307.86713pt.
LaTeX Info: Redefining \. on input line 119.
LaTeX Info: Redefining \% on input line 119.
LaTeX Info: Redefining \. on input line 119.
LaTeX Info: Redefining \% on input line 119.
 [53 <./imagenes/Capitulos/Cap04/Battery.png>]
<imagenes/Capitulos/Cap04/LEDs.png, id=1490, 2120.92375pt x 1198.4775pt>
File: imagenes/Capitulos/Cap04/LEDs.png Graphic file (type png)
<use imagenes/Capitulos/Cap04/LEDs.png>
Package pdftex.def Info: imagenes/Capitulos/Cap04/LEDs.png  used on input line 125.
(pdftex.def)             Requested size: 360.0pt x 203.4093pt.
<imagenes/Capitulos/Cap04/Conectores.png, id=1494, 1596.96625pt x 634.37pt>
File: imagenes/Capitulos/Cap04/Conectores.png Graphic file (type png)
<use imagenes/Capitulos/Cap04/Conectores.png>
Package pdftex.def Info: imagenes/Capitulos/Cap04/Conectores.png  used on input line 135.
(pdftex.def)             Requested size: 360.0pt x 142.99811pt.
<imagenes/Capitulos/Cap04/Esquematico.png, id=1496, 2175.14633pt x 872.84093pt>
File: imagenes/Capitulos/Cap04/Esquematico.png Graphic file (type png)
<use imagenes/Capitulos/Cap04/Esquematico.png>
Package pdftex.def Info: imagenes/Capitulos/Cap04/Esquematico.png  used on input line 142.
(pdftex.def)             Requested size: 595.80026pt x 239.07973pt.
LaTeX Info: Redefining \. on input line 145.
LaTeX Info: Redefining \% on input line 145.
LaTeX Info: Redefining \. on input line 145.
LaTeX Info: Redefining \% on input line 145.
 [54 <./imagenes/Capitulos/Cap04/LEDs.png> <./imagenes/Capitulos/Cap04/Conectores.png>]) (Capitulos/05_PCB.tex [55 <./imagenes/Capitulos/Cap04/Esquematico.png (PNG copy)>]
LaTeX Info: Redefining \. on input line 1.
LaTeX Info: Redefining \% on input line 1.
LaTeX Info: Redefining \. on input line 1.
LaTeX Info: Redefining \% on input line 1.
 [56

]
Cap\'{\i }tulo 5.
[57]
<imagenes/Capitulos/Cap05/PlanoDiseñoTeclas.png, id=1534, 1248.16313pt x 380.92313pt>
File: imagenes/Capitulos/Cap05/PlanoDiseñoTeclas.png Graphic file (type png)
<use imagenes/Capitulos/Cap05/PlanoDiseñoTeclas.png>
Package pdftex.def Info: imagenes/Capitulos/Cap05/PlanoDiseñoTeclas.png  used on input line 26.
(pdftex.def)             Requested size: 360.0pt x 109.8662pt.
LaTeX Info: Redefining \. on input line 42.
LaTeX Info: Redefining \% on input line 42.
LaTeX Info: Redefining \. on input line 42.
LaTeX Info: Redefining \% on input line 42.
 [58 <./imagenes/Capitulos/Cap05/PlanoDiseñoTeclas.png>]
<imagenes/Capitulos/Cap05/PlanoPCB.png, id=1564, 965.85844pt x 285.31593pt>
File: imagenes/Capitulos/Cap05/PlanoPCB.png Graphic file (type png)
<use imagenes/Capitulos/Cap05/PlanoPCB.png>
Package pdftex.def Info: imagenes/Capitulos/Cap05/PlanoPCB.png  used on input line 49.
(pdftex.def)             Requested size: 360.0pt x 106.34453pt.
<imagenes/Capitulos/Cap05/PlanoConPartes.png, id=1566, 1411.2725pt x 446.66875pt>
File: imagenes/Capitulos/Cap05/PlanoConPartes.png Graphic file (type png)
<use imagenes/Capitulos/Cap05/PlanoConPartes.png>
Package pdftex.def Info: imagenes/Capitulos/Cap05/PlanoConPartes.png  used on input line 56.
(pdftex.def)             Requested size: 360.0pt x 113.93651pt.

Underfull \vbox (badness 2753) has occurred while \output is active []

LaTeX Info: Redefining \. on input line 64.
LaTeX Info: Redefining \% on input line 64.
LaTeX Info: Redefining \. on input line 64.
LaTeX Info: Redefining \% on input line 64.
 [59 <./imagenes/Capitulos/Cap05/PlanoPCB.png> <./imagenes/Capitulos/Cap05/PlanoConPartes.png>]
LaTeX Info: Redefining \. on input line 70.
LaTeX Info: Redefining \% on input line 70.
LaTeX Info: Redefining \. on input line 70.
LaTeX Info: Redefining \% on input line 70.
 [60]
<imagenes/Capitulos/Cap05/EaglePCBNueva.png, id=1591, 1446.15282pt x 789.70032pt>
File: imagenes/Capitulos/Cap05/EaglePCBNueva.png Graphic file (type png)
<use imagenes/Capitulos/Cap05/EaglePCBNueva.png>
Package pdftex.def Info: imagenes/Capitulos/Cap05/EaglePCBNueva.png  used on input line 74.
(pdftex.def)             Requested size: 360.0pt x 196.5811pt.
<imagenes/Capitulos/Cap05/EaglePCBPlano.png, id=1593, 1444.64719pt x 789.70032pt>
File: imagenes/Capitulos/Cap05/EaglePCBPlano.png Graphic file (type png)
<use imagenes/Capitulos/Cap05/EaglePCBPlano.png>
Package pdftex.def Info: imagenes/Capitulos/Cap05/EaglePCBPlano.png  used on input line 81.
(pdftex.def)             Requested size: 360.0pt x 196.78595pt.
<imagenes/Capitulos/Cap05/EaglePCBPartesColocadas.png, id=1594, 1443.89438pt x 788.19469pt>
File: imagenes/Capitulos/Cap05/EaglePCBPartesColocadas.png Graphic file (type png)
<use imagenes/Capitulos/Cap05/EaglePCBPartesColocadas.png>
Package pdftex.def Info: imagenes/Capitulos/Cap05/EaglePCBPartesColocadas.png  used on input line 88.
(pdftex.def)             Requested size: 360.0pt x 196.519pt.

Underfull \vbox (badness 10000) has occurred while \output is active []

LaTeX Info: Redefining \. on input line 92.
LaTeX Info: Redefining \% on input line 92.
LaTeX Info: Redefining \. on input line 92.
LaTeX Info: Redefining \% on input line 92.
 [61 <./imagenes/Capitulos/Cap05/EaglePCBNueva.png> <./imagenes/Capitulos/Cap05/EaglePCBPlano.png>]
LaTeX Info: Redefining \. on input line 92.
LaTeX Info: Redefining \% on input line 92.
LaTeX Info: Redefining \. on input line 92.
LaTeX Info: Redefining \% on input line 92.
 [62 <./imagenes/Capitulos/Cap05/EaglePCBPartesColocadas.png>]
LaTeX Info: Redefining \. on input line 117.
LaTeX Info: Redefining \% on input line 117.
LaTeX Info: Redefining \. on input line 117.
LaTeX Info: Redefining \% on input line 117.
 [63]
<imagenes/Capitulos/Cap05/EaglePCBConectada.png, id=1626, 1444.64719pt x 789.70032pt>
File: imagenes/Capitulos/Cap05/EaglePCBConectada.png Graphic file (type png)
<use imagenes/Capitulos/Cap05/EaglePCBConectada.png>
Package pdftex.def Info: imagenes/Capitulos/Cap05/EaglePCBConectada.png  used on input line 137.
(pdftex.def)             Requested size: 360.0pt x 196.78595pt.

Underfull \vbox (badness 10000) has occurred while \output is active []

LaTeX Info: Redefining \. on input line 141.
LaTeX Info: Redefining \% on input line 141.
LaTeX Info: Redefining \. on input line 141.
LaTeX Info: Redefining \% on input line 141.
 [64]
<imagenes/Capitulos/Cap05/EaglePCBPlanoTierra1.png, id=1636, 1223.2902pt x 359.9046pt>
File: imagenes/Capitulos/Cap05/EaglePCBPlanoTierra1.png Graphic file (type png)
<use imagenes/Capitulos/Cap05/EaglePCBPlanoTierra1.png>
Package pdftex.def Info: imagenes/Capitulos/Cap05/EaglePCBPlanoTierra1.png  used on input line 144.
(pdftex.def)             Requested size: 360.0pt x 105.91283pt.
<imagenes/Capitulos/Cap05/EaglePCBPlanoTierra2.png, id=1638, 1223.2902pt x 359.9046pt>
File: imagenes/Capitulos/Cap05/EaglePCBPlanoTierra2.png Graphic file (type png)
<use imagenes/Capitulos/Cap05/EaglePCBPlanoTierra2.png>
Package pdftex.def Info: imagenes/Capitulos/Cap05/EaglePCBPlanoTierra2.png  used on input line 151.
(pdftex.def)             Requested size: 360.0pt x 105.91283pt.

Underfull \vbox (badness 10000) has occurred while \output is active []

LaTeX Info: Redefining \. on input line 159.
LaTeX Info: Redefining \% on input line 159.
LaTeX Info: Redefining \. on input line 159.
LaTeX Info: Redefining \% on input line 159.
 [65 <./imagenes/Capitulos/Cap05/EaglePCBConectada.png> <./imagenes/Capitulos/Cap05/EaglePCBPlanoTierra1.png (PNG copy)> <./imagenes/Capitulos/Cap05/EaglePCBPlanoTierra2.png (PNG copy)>]
<imagenes/Capitulos/Cap05/Difusion.png, id=1650, 63.98906pt x 75.28125pt>
File: imagenes/Capitulos/Cap05/Difusion.png Graphic file (type png)
<use imagenes/Capitulos/Cap05/Difusion.png>
Package pdftex.def Info: imagenes/Capitulos/Cap05/Difusion.png  used on input line 168.
(pdftex.def)             Requested size: 53.9978pt x 63.52641pt.
LaTeX Info: Redefining \. on input line 172.
LaTeX Info: Redefining \% on input line 172.
LaTeX Info: Redefining \. on input line 172.
LaTeX Info: Redefining \% on input line 172.
 [66 <./imagenes/Capitulos/Cap05/Difusion.png>]
<imagenes/Capitulos/Cap05/Glass.png, id=1661, 78.2925pt x 77.53969pt>
File: imagenes/Capitulos/Cap05/Glass.png Graphic file (type png)
<use imagenes/Capitulos/Cap05/Glass.png>
Package pdftex.def Info: imagenes/Capitulos/Cap05/Glass.png  used on input line 176.
(pdftex.def)             Requested size: 53.9978pt x 53.47993pt.
<imagenes/Capitulos/Cap05/Nut.png, id=1662, 75.28125pt x 65.49469pt>
File: imagenes/Capitulos/Cap05/Nut.png Graphic file (type png)
<use imagenes/Capitulos/Cap05/Nut.png>
Package pdftex.def Info: imagenes/Capitulos/Cap05/Nut.png  used on input line 183.
(pdftex.def)             Requested size: 53.9978pt x 46.98022pt.
<imagenes/Capitulos/Cap05/Screw.png, id=1663, 57.96657pt x 77.53969pt>
File: imagenes/Capitulos/Cap05/Screw.png Graphic file (type png)
<use imagenes/Capitulos/Cap05/Screw.png>
Package pdftex.def Info: imagenes/Capitulos/Cap05/Screw.png  used on input line 190.
(pdftex.def)             Requested size: 36.0022pt x 48.15927pt.
) (Capitulos/06_Carcasa.tex
LaTeX Info: Redefining \. on input line 1.
LaTeX Info: Redefining \% on input line 1.
LaTeX Info: Redefining \. on input line 1.
LaTeX Info: Redefining \% on input line 1.
 [67 <./imagenes/Capitulos/Cap05/Glass.png> <./imagenes/Capitulos/Cap05/Nut.png> <./imagenes/Capitulos/Cap05/Screw.png>] [68

]
Cap\'{\i }tulo 6.
<imagenes/Capitulos/Cap06/PlanoCarcasa.png, id=1689, 1059.96pt x 337.26pt>
File: imagenes/Capitulos/Cap06/PlanoCarcasa.png Graphic file (type png)
<use imagenes/Capitulos/Cap06/PlanoCarcasa.png>
Package pdftex.def Info: imagenes/Capitulos/Cap06/PlanoCarcasa.png  used on input line 14.
(pdftex.def)             Requested size: 360.0pt x 114.54337pt.

Underfull \vbox (badness 10000) has occurred while \output is active []

 [69]
<imagenes/Capitulos/Cap06/PlanoCarcasaVistaLateral.png, id=1700, 799.48688pt x 191.9672pt>
File: imagenes/Capitulos/Cap06/PlanoCarcasaVistaLateral.png Graphic file (type png)
<use imagenes/Capitulos/Cap06/PlanoCarcasaVistaLateral.png>
Package pdftex.def Info: imagenes/Capitulos/Cap06/PlanoCarcasaVistaLateral.png  used on input line 28.
(pdftex.def)             Requested size: 360.0pt x 86.44008pt.
<imagenes/Capitulos/Cap06/Modelo3D.png, id=1701, 966.61125pt x 470.50781pt>
File: imagenes/Capitulos/Cap06/Modelo3D.png Graphic file (type png)
<use imagenes/Capitulos/Cap06/Modelo3D.png>
Package pdftex.def Info: imagenes/Capitulos/Cap06/Modelo3D.png  used on input line 35.
(pdftex.def)             Requested size: 360.0pt x 175.23386pt.

Underfull \vbox (badness 10000) has occurred while \output is active []

LaTeX Info: Redefining \. on input line 39.
LaTeX Info: Redefining \% on input line 39.
LaTeX Info: Redefining \. on input line 39.
LaTeX Info: Redefining \% on input line 39.
 [70 <./imagenes/Capitulos/Cap06/PlanoCarcasa.png> <./imagenes/Capitulos/Cap06/PlanoCarcasaVistaLateral.png>]
<imagenes/Capitulos/Cap06/Modelo3DRender.png, id=1711, 1000.48781pt x 420.82219pt>
File: imagenes/Capitulos/Cap06/Modelo3DRender.png Graphic file (type png)
<use imagenes/Capitulos/Cap06/Modelo3DRender.png>
Package pdftex.def Info: imagenes/Capitulos/Cap06/Modelo3DRender.png  used on input line 42.
(pdftex.def)             Requested size: 360.0pt x 151.41881pt.
LaTeX Info: Redefining \. on input line 56.
LaTeX Info: Redefining \% on input line 56.
LaTeX Info: Redefining \. on input line 56.
LaTeX Info: Redefining \% on input line 56.
 [71 <./imagenes/Capitulos/Cap06/Modelo3D.png> <./imagenes/Capitulos/Cap06/Modelo3DRender.png>]
LaTeX Info: Redefining \. on input line 68.
LaTeX Info: Redefining \% on input line 68.
LaTeX Info: Redefining \. on input line 68.
LaTeX Info: Redefining \% on input line 68.
 [72]) (Capitulos/07_Programacion.tex
LaTeX Info: Redefining \. on input line 1.
LaTeX Info: Redefining \% on input line 1.
LaTeX Info: Redefining \. on input line 1.
LaTeX Info: Redefining \% on input line 1.
 [73] [74

]
Cap\'{\i }tulo 7.
[75] (B:\Programas\MiKTeX\tex/latex/listings\lstlang1.sty
File: lstlang1.sty 2023/02/27 1.9 listings language file
) (B:\Programas\MiKTeX\tex/latex/listings\lstlang1.sty
File: lstlang1.sty 2023/02/27 1.9 listings language file
)
Package hyperref Info: bookmark level for unknown lstlisting defaults to 0 on input line 31.
LaTeX Info: Redefining \. on input line 34.
LaTeX Info: Redefining \% on input line 34.
LaTeX Info: Redefining \. on input line 34.
LaTeX Info: Redefining \% on input line 34.
 [76]
LaTeX Info: Redefining \. on input line 70.
LaTeX Info: Redefining \% on input line 70.
LaTeX Info: Redefining \. on input line 70.
LaTeX Info: Redefining \% on input line 70.
 [77]
<imagenes/Capitulos/Cap07/PantallaMenuPrincipal.png, id=1825, 852.18375pt x 515.67656pt>
File: imagenes/Capitulos/Cap07/PantallaMenuPrincipal.png Graphic file (type png)
<use imagenes/Capitulos/Cap07/PantallaMenuPrincipal.png>
Package pdftex.def Info: imagenes/Capitulos/Cap07/PantallaMenuPrincipal.png  used on input line 82.
(pdftex.def)             Requested size: 360.0pt x 217.84952pt.

Underfull \vbox (badness 10000) has occurred while \output is active []

LaTeX Info: Redefining \. on input line 86.
LaTeX Info: Redefining \% on input line 86.
LaTeX Info: Redefining \. on input line 86.
LaTeX Info: Redefining \% on input line 86.
 [78]
LaTeX Info: Redefining \. on input line 103.
LaTeX Info: Redefining \% on input line 103.
LaTeX Info: Redefining \. on input line 103.
LaTeX Info: Redefining \% on input line 103.
 [79 <./imagenes/Capitulos/Cap07/PantallaMenuPrincipal.png>]
LaTeX Info: Redefining \. on input line 122.
LaTeX Info: Redefining \% on input line 122.
LaTeX Info: Redefining \. on input line 122.
LaTeX Info: Redefining \% on input line 122.
 [80]
LaTeX Info: Redefining \. on input line 139.
LaTeX Info: Redefining \% on input line 139.
LaTeX Info: Redefining \. on input line 139.
LaTeX Info: Redefining \% on input line 139.
 [81]
LaTeX Info: Redefining \. on input line 159.
LaTeX Info: Redefining \% on input line 159.
LaTeX Info: Redefining \. on input line 159.
LaTeX Info: Redefining \% on input line 159.
 [82]
<imagenes/Capitulos/Cap07/MainLoop.png, id=1889, 728.7225pt x 822.82407pt>
File: imagenes/Capitulos/Cap07/MainLoop.png Graphic file (type png)
<use imagenes/Capitulos/Cap07/MainLoop.png>
Package pdftex.def Info: imagenes/Capitulos/Cap07/MainLoop.png  used on input line 163.
(pdftex.def)             Requested size: 360.0pt x 406.4768pt.
<imagenes/Capitulos/Cap07/EstadosKeyboard.png, id=1890, 943.27406pt x 338.01282pt>
File: imagenes/Capitulos/Cap07/EstadosKeyboard.png Graphic file (type png)
<use imagenes/Capitulos/Cap07/EstadosKeyboard.png>
Package pdftex.def Info: imagenes/Capitulos/Cap07/EstadosKeyboard.png  used on input line 170.
(pdftex.def)             Requested size: 360.0pt x 129.00322pt.

Underfull \vbox (badness 10000) has occurred while \output is active []

LaTeX Info: Redefining \. on input line 174.
LaTeX Info: Redefining \% on input line 174.
LaTeX Info: Redefining \. on input line 174.
LaTeX Info: Redefining \% on input line 174.
 [83 <./imagenes/Capitulos/Cap07/MainLoop.png>]
Underfull \vbox (badness 1675) has occurred while \output is active []

LaTeX Info: Redefining \. on input line 191.
LaTeX Info: Redefining \% on input line 191.
LaTeX Info: Redefining \. on input line 191.
LaTeX Info: Redefining \% on input line 191.
 [84 <./imagenes/Capitulos/Cap07/EstadosKeyboard.png>]) (Capitulos/08_Prototipos.tex
LaTeX Info: Redefining \. on input line 1.
LaTeX Info: Redefining \% on input line 1.
LaTeX Info: Redefining \. on input line 1.
LaTeX Info: Redefining \% on input line 1.
 [85] [86

]
Cap\'{\i }tulo 8.

Underfull \vbox (badness 4303) has occurred while \output is active []

 [87]
LaTeX Info: Redefining \. on input line 28.
LaTeX Info: Redefining \% on input line 28.
LaTeX Info: Redefining \. on input line 28.
LaTeX Info: Redefining \% on input line 28.
 [88]
LaTeX Info: Redefining \. on input line 36.
LaTeX Info: Redefining \% on input line 36.
LaTeX Info: Redefining \. on input line 36.
LaTeX Info: Redefining \% on input line 36.
 [89]
LaTeX Info: Redefining \. on input line 65.
LaTeX Info: Redefining \% on input line 65.
LaTeX Info: Redefining \. on input line 65.
LaTeX Info: Redefining \% on input line 65.
 [90]
LaTeX Info: Redefining \. on input line 81.
LaTeX Info: Redefining \% on input line 81.
LaTeX Info: Redefining \. on input line 81.
LaTeX Info: Redefining \% on input line 81.
 [91]) (Capitulos/09_Validacion.tex
LaTeX Info: Redefining \. on input line 1.
LaTeX Info: Redefining \% on input line 1.
LaTeX Info: Redefining \. on input line 1.
LaTeX Info: Redefining \% on input line 1.
 [92]
Cap\'{\i }tulo 9.
[93

]

Package hyperref Warning: Token not allowed in a PDF string (Unicode):
(hyperref)                removing `\gls' on input line 34.

LaTeX Info: Redefining \. on input line 41.
LaTeX Info: Redefining \% on input line 41.
LaTeX Info: Redefining \. on input line 41.
LaTeX Info: Redefining \% on input line 41.
[94]

Package hyperref Warning: Token not allowed in a PDF string (Unicode):
(hyperref)                removing `\gls' on input line 50.

LaTeX Info: Redefining \. on input line 65.
LaTeX Info: Redefining \% on input line 65.
LaTeX Info: Redefining \. on input line 65.
LaTeX Info: Redefining \% on input line 65.
[95]
Underfull \hbox (badness 10000) in paragraph at lines 74--74
[]|\OT1/cmr/m/n/10 Verifica la
 []


Underfull \hbox (badness 10000) in paragraph at lines 74--74
[]|\OT1/cmr/m/n/10 Utilizando un
 []


Underfull \hbox (badness 10000) in paragraph at lines 74--74
\OT1/cmr/m/n/10 mult^^S^^Pme-tro
 []


Underfull \hbox (badness 10000) in paragraph at lines 76--76
[]|\OT1/cmr/m/n/10 Mide la
 []


Underfull \hbox (badness 10000) in paragraph at lines 76--76
\OT1/cmr/m/n/10 re-sis-ten-cia
 []


Underfull \hbox (badness 1874) in paragraph at lines 76--77
[]|\OT1/cmr/m/n/10 Valores den-tro de
 []


Underfull \hbox (badness 1248) in paragraph at lines 78--78
[]|\OT1/cmr/m/n/10 Mide la co-
 []


Underfull \hbox (badness 2012) in paragraph at lines 78--78
\OT1/cmr/m/n/10 rrien-te y el
 []


Underfull \hbox (badness 10000) in paragraph at lines 78--78
[]|\OT1/cmr/m/n/10 Utilizando un
 []


Underfull \hbox (badness 6284) in paragraph at lines 78--78
\OT1/cmr/m/n/10 am-per^^S^^Pme-tro y
 []


Underfull \hbox (badness 10000) in paragraph at lines 80--80
[]|\OT1/cmr/m/n/10 Verifica el
 []


Underfull \hbox (badness 10000) in paragraph at lines 80--80
\OT1/cmr/m/n/10 fun-cio-na-
 []


Underfull \hbox (badness 10000) in paragraph at lines 80--80
\OT1/cmr/m/n/10 mien-to de
 []


Underfull \hbox (badness 6859) in paragraph at lines 80--80
[]|\OT1/cmr/m/n/10 Encendiendo y
 []


Underfull \hbox (badness 10000) in paragraph at lines 80--80
\OT1/cmr/m/n/10 apa-gan-do los
 []


Underfull \hbox (badness 10000) in paragraph at lines 82--82
[]|\OT1/cmr/m/n/10 Verifica la
 []


Underfull \hbox (badness 10000) in paragraph at lines 82--82
\OT1/cmr/m/n/10 co-mu-ni-ca-
 []


Underfull \hbox (badness 10000) in paragraph at lines 84--84
[]|\OT1/cmr/m/n/10 Prueba la
 []


Underfull \hbox (badness 10000) in paragraph at lines 84--84
\OT1/cmr/m/n/10 in-mu-ni-dad
 []


Underfull \hbox (badness 10000) in paragraph at lines 84--84
\OT1/cmr/m/n/10 a in-ter-
 []


Underfull \hbox (badness 10000) in paragraph at lines 84--84
\OT1/cmr/m/n/10 fe-ren-cias
 []


Underfull \hbox (badness 10000) in paragraph at lines 84--84
\OT1/cmr/m/n/10 elec-tro-
 []


Underfull \hbox (badness 10000) in paragraph at lines 84--84
[]|\OT1/cmr/m/n/10 Exponiendo
 []


Underfull \hbox (badness 10000) in paragraph at lines 84--84
\OT1/cmr/m/n/10 el te-cla-do a
 []


Underfull \hbox (badness 5954) in paragraph at lines 84--85
\OT1/cmr/m/n/10 rrec-to in-clu-so en
 []


Underfull \hbox (badness 1132) in paragraph at lines 84--85
\OT1/cmr/m/n/10 pre-sen-cia de cam-
 []


Underfull \hbox (badness 2073) in paragraph at lines 96--96
\OT1/cmr/m/n/10 del te-cla-do en [][][][]Win-
 []

LaTeX Info: Redefining \. on input line 117.
LaTeX Info: Redefining \% on input line 117.
LaTeX Info: Redefining \. on input line 117.
LaTeX Info: Redefining \% on input line 117.
[96]) (Capitulos/10_PosiblesMejoras.tex
LaTeX Info: Redefining \. on input line 1.
LaTeX Info: Redefining \% on input line 1.
LaTeX Info: Redefining \. on input line 1.
LaTeX Info: Redefining \% on input line 1.
 [97] [98

]
Cap\'{\i }tulo 10.
[99]
LaTeX Info: Redefining \. on input line 27.
LaTeX Info: Redefining \% on input line 27.
LaTeX Info: Redefining \. on input line 27.
LaTeX Info: Redefining \% on input line 27.
 [100]) (Capitulos/11_Conclusiones.tex
LaTeX Info: Redefining \. on input line 1.
LaTeX Info: Redefining \% on input line 1.
LaTeX Info: Redefining \. on input line 1.
LaTeX Info: Redefining \% on input line 1.
 [101] [102

]
Cap\'{\i }tulo 11.

Underfull \vbox (badness 10000) has occurred while \output is active []

 [103]) (Capitulos/12_Comercial.tex
LaTeX Info: Redefining \. on input line 1.
LaTeX Info: Redefining \% on input line 1.
LaTeX Info: Redefining \. on input line 1.
LaTeX Info: Redefining \% on input line 1.
 [104]
Cap\'{\i }tulo 12.
) (Capitulos/13_Apendice.tex
Underfull \vbox (badness 10000) has occurred while \output is active []

 [105

]
Overfull \vbox (515.22978pt too high) has occurred while \output is active []

LaTeX Info: Redefining \. on input line 1.
LaTeX Info: Redefining \% on input line 1.
LaTeX Info: Redefining \. on input line 1.
LaTeX Info: Redefining \% on input line 1.
 [106]
Cap\'{\i }tulo 13.

Overfull \hbox (6.6704pt too wide) in paragraph at lines 7--8
[]\OT1/cmr/m/n/10.95 Los cir-cui-tos son una par-te fun-da-men-tal de cual-quier pro-yec-to de electr^^Soni-
 []

[107

]
<imagenes/Capitulos/Cap13/ESP32S3HOLE.png, id=2214, 340.27126pt x 453.19313pt>
File: imagenes/Capitulos/Cap13/ESP32S3HOLE.png Graphic file (type png)
<use imagenes/Capitulos/Cap13/ESP32S3HOLE.png>
Package pdftex.def Info: imagenes/Capitulos/Cap13/ESP32S3HOLE.png  used on input line 41.
(pdftex.def)             Requested size: 251.9989pt x 335.62735pt.
LaTeX Info: Redefining \. on input line 44.
LaTeX Info: Redefining \% on input line 44.
LaTeX Info: Redefining \. on input line 44.
LaTeX Info: Redefining \% on input line 44.
 [108]
<imagenes/Capitulos/Cap05/AcotadoPCBMadera.png, id=2235, 590.205pt x 372.64218pt>
File: imagenes/Capitulos/Cap05/AcotadoPCBMadera.png Graphic file (type png)
<use imagenes/Capitulos/Cap05/AcotadoPCBMadera.png>
Package pdftex.def Info: imagenes/Capitulos/Cap05/AcotadoPCBMadera.png  used on input line 54.
(pdftex.def)             Requested size: 288.0011pt x 181.84001pt.
LaTeX Info: Redefining \. on input line 58.
LaTeX Info: Redefining \% on input line 58.
LaTeX Info: Redefining \. on input line 58.
LaTeX Info: Redefining \% on input line 58.
 [109 <./imagenes/Capitulos/Cap13/ESP32S3HOLE.png>]
LaTeX Info: Redefining \. on input line 60.
LaTeX Info: Redefining \% on input line 60.
LaTeX Info: Redefining \. on input line 60.
LaTeX Info: Redefining \% on input line 60.
 [110 <./imagenes/Capitulos/Cap05/AcotadoPCBMadera.png>]
Underfull \vbox (badness 2443) has occurred while \output is active []

LaTeX Info: Redefining \. on input line 80.
LaTeX Info: Redefining \% on input line 80.
LaTeX Info: Redefining \. on input line 80.
LaTeX Info: Redefining \% on input line 80.
 [111]
Underfull \vbox (badness 10000) has occurred while \output is active []

LaTeX Info: Redefining \. on input line 135.
LaTeX Info: Redefining \% on input line 135.
LaTeX Info: Redefining \. on input line 135.
LaTeX Info: Redefining \% on input line 135.
 [112])
No file TFG.gls.
Using TeX to sort glossary entries---this may take a while

Underfull \vbox (badness 10000) has occurred while \output is active []

LaTeX Info: Redefining \. on input line 281.
LaTeX Info: Redefining \% on input line 281.
LaTeX Info: Redefining \. on input line 281.
LaTeX Info: Redefining \% on input line 281.
 [113]
LaTeX Info: Redefining \. on input line 281.
LaTeX Info: Redefining \% on input line 281.
LaTeX Info: Redefining \. on input line 281.
LaTeX Info: Redefining \% on input line 281.
 [114] [115


]
LaTeX Info: Redefining \. on input line 281.
LaTeX Info: Redefining \% on input line 281.
LaTeX Info: Redefining \. on input line 281.
LaTeX Info: Redefining \% on input line 281.
 [116]
LaTeX Info: Redefining \. on input line 281.
LaTeX Info: Redefining \% on input line 281.
LaTeX Info: Redefining \. on input line 281.
LaTeX Info: Redefining \% on input line 281.
 [117]
LaTeX Info: Redefining \. on input line 281.
LaTeX Info: Redefining \% on input line 281.
LaTeX Info: Redefining \. on input line 281.
LaTeX Info: Redefining \% on input line 281.
 [118]
LaTeX Info: Redefining \. on input line 281.
LaTeX Info: Redefining \% on input line 281.
LaTeX Info: Redefining \. on input line 281.
LaTeX Info: Redefining \% on input line 281.
 [119]
LaTeX Info: Redefining \. on input line 281.
LaTeX Info: Redefining \% on input line 281.
LaTeX Info: Redefining \. on input line 281.
LaTeX Info: Redefining \% on input line 281.
 [120]
LaTeX Info: Redefining \. on input line 283.
LaTeX Info: Redefining \% on input line 283.
LaTeX Info: Redefining \. on input line 283.
LaTeX Info: Redefining \% on input line 283.
 [121] [122

] (TFG.lof
LaTeX Info: Redefining \. on input line 1.
LaTeX Info: Redefining \% on input line 1.

Underfull \vbox (badness 1769) has occurred while \output is active []

 [123]
Underfull \vbox (badness 3364) has occurred while \output is active []

LaTeX Info: Redefining \. on input line 66.
LaTeX Info: Redefining \% on input line 66.
LaTeX Info: Redefining \. on input line 66.
LaTeX Info: Redefining \% on input line 66.
 [124])
\tf@lof=\write6
\openout6 = `TFG.lof'.

 (TFG.bbl
LaTeX Info: Redefining \. on input line 1.
LaTeX Info: Redefining \% on input line 1.
LaTeX Info: Redefining \. on input line 1.
LaTeX Info: Redefining \% on input line 1.
 [125] [126

]
Underfull \hbox (badness 10000) in paragraph at lines 47--52
[]\OT1/cmr/m/n/10.95 Chron, Andy Wal-ton.  Ty-pes of wi-re-less key-boards
 []


Underfull \hbox (badness 10000) in paragraph at lines 47--52
\OT1/cmr/m/n/10.95 for com-pu-ters.  [][]$\OT1/cmtt/m/n/10.95 https : / / smallbusiness . chron . com /
 []


Underfull \hbox (badness 10000) in paragraph at lines 54--59
[]\OT1/cmr/m/n/10.95 Espressif Sys-tems.  Esp32-s3 da-tasheet, 2023.  [][]$\OT1/cmtt/m/n/10.95 https :
 []


Underfull \hbox (badness 10000) in paragraph at lines 54--59
\OT1/cmtt/m/n/10.95 / / www . espressif . com / sites / default / files / documentation /
 []

[127]
Underfull \hbox (badness 1205) in paragraph at lines 73--77
[]\OT1/cmr/m/n/10.95 ijprest, Github.  Key-board la-yout edi-tor, 2023.  [][]$\OT1/cmtt/m/n/10.95 https : / / www .
 []


Underfull \hbox (badness 10000) in paragraph at lines 79--84
[]\OT1/cmr/m/n/10.95 Keyboard Uni-ver-sity.  Key-board moun-ting sty-
 []


Underfull \hbox (badness 10000) in paragraph at lines 79--84
\OT1/cmr/m/n/10.95 les.  [][]$\OT1/cmtt/m/n/10.95 https : / / www . keyboard . university / 200-[]courses /
 []


Underfull \hbox (badness 10000) in paragraph at lines 86--91
[]\OT1/cmr/m/n/10.95 Keyboard Uni-ver-sity.  Key-board si-zes & la-youts.
 []


Underfull \hbox (badness 10000) in paragraph at lines 86--91
[][]$\OT1/cmtt/m/n/10.95 https : / / www . keyboard . university / 100-[]courses /
 []


Underfull \hbox (badness 2443) in paragraph at lines 93--98
[]\OT1/cmr/m/n/10.95 Mercury, Wi-ki-pe-dia.  Double-shot key-caps.jpg, 2020.  [][]$\OT1/cmtt/m/n/10.95 https :
 []


Underfull \hbox (badness 10000) in paragraph at lines 93--98
\OT1/cmtt/m/n/10.95 / / commons . wikimedia . org / wiki / File : Double-[]shot _ keycaps . jpg$[][]\OT1/cmr/m/n/10.95 ,
 []


Underfull \hbox (badness 10000) in paragraph at lines 107--112
[]\OT1/cmr/m/n/10.95 Multicherry, Wi-ki-pe-dia.  Cherry mx green switch, 2020.
 []


Underfull \hbox (badness 10000) in paragraph at lines 107--112
[][]$\OT1/cmtt/m/n/10.95 https : / / commons . wikimedia . org / wiki / File : Cherry _ MX _ Green _
 []


Underfull \hbox (badness 10000) in paragraph at lines 121--126
[]\OT1/cmr/m/n/10.95 Sierra Cir-cuits.  Pcb con-duc-tor spa-cing and vol-ta-ge cal-
 []


Underfull \hbox (badness 10000) in paragraph at lines 121--126
\OT1/cmr/m/n/10.95 cu-la-tor, 2024.  [][]$\OT1/cmtt/m/n/10.95 https : / / www . protoexpress . com / tools /
 []

LaTeX Info: Redefining \. on input line 145.
LaTeX Info: Redefining \% on input line 145.
LaTeX Info: Redefining \. on input line 145.
LaTeX Info: Redefining \% on input line 145.
[128]
Underfull \hbox (badness 3690) in paragraph at lines 160--165
[]\OT1/cmr/m/n/10.95 SnapMagic, Sna-pE-DA.  Esp32s3wroom1n16r2, 2024.  [][]$\OT1/cmtt/m/n/10.95 https :
 []


Underfull \hbox (badness 10000) in paragraph at lines 160--165
\OT1/cmtt/m/n/10.95 / / www . snapeda . com / parts / ESP32S3WROOM1N16R2 / Espressif %
 []


Underfull \hbox (badness 2126) in paragraph at lines 160--165
\OT1/cmtt/m/n/10.95 20Systems / view-[]part / ?ref = search & t = ESp32S3$[][]\OT1/cmr/m/n/10.95 , Last ac-ces-sed on
 []


Underfull \hbox (badness 1117) in paragraph at lines 167--172
[]\OT1/cmr/m/n/10.95 SnapMagic, Sna-pE-DA.  Fs8205a, 2024.  [][]$\OT1/cmtt/m/n/10.95 https : / / www . snapeda .
 []


Underfull \hbox (badness 10000) in paragraph at lines 167--172
\OT1/cmtt/m/n/10.95 com / parts / FS8205A / Fortune % 20Semiconductor / view-[]part / ?ref =
 []


Underfull \hbox (badness 3803) in paragraph at lines 174--179
[]\OT1/cmr/m/n/10.95 SnapMagic, Sna-pE-DA.  Lm3940imp-3.3/nopb, 2024.  [][]$\OT1/cmtt/m/n/10.95 https :
 []


Underfull \hbox (badness 10000) in paragraph at lines 174--179
\OT1/cmtt/m/n/10.95 / / www . snapeda . com / parts / LM3940IMP-[]3 . 3 % 2FNOPB / Texas %
 []


Underfull \hbox (badness 1584) in paragraph at lines 181--186
[]\OT1/cmr/m/n/10.95 SnapMagic, Sna-pE-DA.  Rc0805fr-07910rl, 2024.  [][]$\OT1/cmtt/m/n/10.95 https : / / www .
 []


Underfull \hbox (badness 1454) in paragraph at lines 188--193
[]\OT1/cmr/m/n/10.95 SnapMagic, Sna-pE-DA.  Tp4056, 2024.  [][]$\OT1/cmtt/m/n/10.95 https : / / www . snapeda .
 []


Underfull \hbox (badness 10000) in paragraph at lines 188--193
\OT1/cmtt/m/n/10.95 com / parts / TP4056 / NanJing % 20Top % 20Power % 20ASIC % 20Corp .
 []


Underfull \hbox (badness 10000) in paragraph at lines 195--200
\OT1/cmtt/m/n/10.95 parts / WS2812B / Worldsemi / view-[]part / ?ref = search & t = WS2812B % 20$[][]\OT1/cmr/m/n/10.95 ,
 []


Underfull \hbox (badness 1014) in paragraph at lines 202--207
[]\OT1/cmr/m/n/10.95 snuci, wi-ki-me-dia.  Cherry kfn3-8358 key-board ca-se top in-te-rior,
 []


Underfull \hbox (badness 1708) in paragraph at lines 202--207
\OT1/cmr/m/n/10.95 2016.  [][]$\OT1/cmtt/m/n/10.95 https : / / deskthority . net / wiki / File : Cherry _ KFN3-[]8358 _
 []


Underfull \hbox (badness 1014) in paragraph at lines 209--214
[]\OT1/cmr/m/n/10.95 snuci, wi-ki-me-dia.  Cherry kfn3-8358 key-board ca-se top in-te-rior,
 []


Underfull \hbox (badness 1708) in paragraph at lines 209--214
\OT1/cmr/m/n/10.95 2016.  [][]$\OT1/cmtt/m/n/10.95 https : / / deskthority . net / wiki / File : Cherry _ KFN3-[]8358 _
 []


Underfull \hbox (badness 10000) in paragraph at lines 221--226
[]\OT1/cmr/m/n/10.95 Switch & click.  How much does a cus-tom
 []


Underfull \hbox (badness 10000) in paragraph at lines 221--226
\OT1/cmr/m/n/10.95 key-board cost?  [][]$\OT1/cmtt/m/n/10.95 https : / / switchandclick . com /
 []


Overfull \hbox (3.47392pt too wide) in paragraph at lines 221--226
\OT1/cmtt/m/n/10.95 what-[]is-[]the-[]average-[]cost-[]for-[]a-[]custom-[]mechanical-[]keyboard/$[][]\OT1/cmr/m/n/10.95 ,
 []

LaTeX Info: Redefining \. on input line 226.
LaTeX Info: Redefining \% on input line 226.
LaTeX Info: Redefining \. on input line 226.
LaTeX Info: Redefining \% on input line 226.
[129]
Underfull \hbox (badness 1817) in paragraph at lines 228--233
[]\OT1/cmr/m/n/10.95 The Si-li-con Un-der-ground, Da-vid L. Far-quhar.  Ty-pes of key-
 []


Underfull \hbox (badness 1460) in paragraph at lines 235--239
[]\OT1/cmr/m/n/10.95 Theresa Mc-Do-nough, tech-with-tech.  Me-cha-ni-cal key-board parts:
 []


Underfull \hbox (badness 10000) in paragraph at lines 235--239
\OT1/cmr/m/n/10.95 Na-mes & fun-ctions?, 2023.  [][]$\OT1/cmtt/m/n/10.95 https : / / techwithtech . com /
 []


Underfull \hbox (badness 1158) in paragraph at lines 241--246
[]\OT1/cmr/m/n/10.95 w4ilun, Github.  pocket-keyboard, 2019.  [][]$\OT1/cmtt/m/n/10.95 https : / / github . com /
 []


Underfull \hbox (badness 10000) in paragraph at lines 241--246
\OT1/cmtt/m/n/10.95 w4ilun / pocket-[]keyboard / blob / master / images / schem _ keys . png$[][]\OT1/cmr/m/n/10.95 ,
 []

)
LaTeX Info: Redefining \. on input line 290.
LaTeX Info: Redefining \% on input line 290.
LaTeX Info: Redefining \. on input line 290.
LaTeX Info: Redefining \% on input line 290.
 [130] [131

] (TFG.aux
LaTeX Info: Redefining \. on input line 13.
LaTeX Info: Redefining \% on input line 13.
)
 ***********
LaTeX2e <2023-11-01> patch level 1
L3 programming layer <2024-01-04>
 ***********
Package rerunfilecheck Info: File `TFG.out' has not changed.
(rerunfilecheck)             Checksum: B12D6C52182953473805F5C4D0AD3990;14058.
 ) 
Here is how much of TeX's memory you used:
 33176 strings out of 474485
 616038 string characters out of 5755465
 2447542 words of memory out of 5000000
 54238 multiletter control sequences out of 15000+600000
 567490 words of font info for 70 fonts, out of 8000000 for 9000
 1141 hyphenation exceptions out of 8191
 94i,17n,102p,2383b,2180s stack positions out of 10000i,1000n,20000p,200000b,200000s
 <C:\Users\Clm\AppData\Local\MiKTeX\fonts/pk/ljfour/jknappen/ec/dpi600\tcrm1095.pk><B:/Programas/MiKTeX/fonts/type1/public/amsfonts/cm/cmbx10.pfb><B:/Programas/MiKTeX/fonts/type1/public/amsfonts/cm/cmbx12.pfb><B:/Programas/MiKTeX/fonts/type1/public/amsfonts/cm/cmbxti10.pfb><B:/Programas/MiKTeX/fonts/type1/public/amsfonts/cm/cmcsc10.pfb><B:/Programas/MiKTeX/fonts/type1/public/amsfonts/cm/cmmi8.pfb><B:/Programas/MiKTeX/fonts/type1/public/amsfonts/cm/cmr10.pfb><B:/Programas/MiKTeX/fonts/type1/public/amsfonts/cm/cmr6.pfb><B:/Programas/MiKTeX/fonts/type1/public/amsfonts/cm/cmti10.pfb><B:/Programas/MiKTeX/fonts/type1/public/amsfonts/cm/cmtt10.pfb><B:/Programas/MiKTeX/fonts/type1/public/amsfonts/cm/cmtt9.pfb><B:/Programas/MiKTeX/fonts/type1/public/eurosym/feybr10.pfb><B:/Programas/MiKTeX/fonts/type1/public/eurosym/feymr10.pfb>
Output written on TFG.pdf (147 pages, 7163936 bytes).
PDF statistics:
 2859 PDF objects out of 2984 (max. 8388607)
 653 named destinations out of 1000 (max. 500000)
 1114 words of extra memory for PDF output out of 10000 (max. 10000000)

